ERROR - 2026-02-16 11:02:29 --> mysqli_sql_exception: Unknown column 'course_id' in 'field list' in C:\wamp64\www\ci4\system\Database\MySQLi\Connection.php:327
Stack trace:
#0 C:\wamp64\www\ci4\system\Database\MySQLi\Connection.php(327): mysqli->query('INSERT INTO `st...', 0)
#1 C:\wamp64\www\ci4\system\Database\BaseConnection.php(729): CodeIgniter\Database\MySQLi\Connection->execute('INSERT INTO `st...')
#2 C:\wamp64\www\ci4\system\Database\BaseConnection.php(646): CodeIgniter\Database\BaseConnection->simpleQuery('INSERT INTO `st...')
#3 C:\wamp64\www\ci4\system\Database\BaseBuilder.php(2345): CodeIgniter\Database\BaseConnection->query('INSERT INTO `st...', Array, false)
#4 C:\wamp64\www\ci4\system\Model.php(394): CodeIgniter\Database\BaseBuilder->insert()
#5 C:\wamp64\www\ci4\system\BaseModel.php(838): CodeIgniter\Model->doInsert(Array)
#6 C:\wamp64\www\ci4\system\Model.php(797): CodeIgniter\BaseModel->insert(Array, false)
#7 C:\wamp64\www\ci4\system\BaseModel.php(751): CodeIgniter\Model->insert(Array, false)
#8 C:\wamp64\www\ci4\app\Controllers\CenterDashboard.php(242): CodeIgniter\BaseModel->save(Array)
#9 C:\wamp64\www\ci4\system\CodeIgniter.php(933): App\Controllers\CenterDashboard->saveStudent()
#10 C:\wamp64\www\ci4\system\CodeIgniter.php(507): CodeIgniter\CodeIgniter->runController(Object(App\Controllers\CenterDashboard))
#11 C:\wamp64\www\ci4\system\CodeIgniter.php(354): CodeIgniter\CodeIgniter->handleRequest(NULL, Object(Config\Cache), false)
#12 C:\wamp64\www\ci4\system\Boot.php(363): CodeIgniter\CodeIgniter->run()
#13 C:\wamp64\www\ci4\system\Boot.php(68): CodeIgniter\Boot::runCodeIgniter(Object(CodeIgniter\CodeIgniter))
#14 C:\wamp64\www\ci4\public\index.php(59): CodeIgniter\Boot::bootWeb(Object(Config\Paths))
#15 {main}
CRITICAL - 2026-02-16 11:02:29 --> CodeIgniter\Database\Exceptions\DatabaseException: Unknown column 'course_id' in 'field list'
[Method: POST, Route: center/save-student]
in SYSTEMPATH\Database\BaseConnection.php on line 684.
 1 SYSTEMPATH\Database\BaseBuilder.php(2345): CodeIgniter\Database\BaseConnection->query('INSERT INTO `students` (`center_id`, `enrollment_no`, `student_name`, `father_name`, `phone`, `guardian_phone`, `email`, `address`, `course_id`, `fee`, `duration`, `enroll_date`, `course_status`) VALUES (:center_id:, :enrollment_no:, :student_name:, :father_name:, :phone:, :guardian_phone:, :email:, :address:, :course_id:, :fee:, :duration:, :enroll_date:, :course_status:)', [...], false)
 2 SYSTEMPATH\Model.php(394): CodeIgniter\Database\BaseBuilder->insert()
 3 SYSTEMPATH\BaseModel.php(838): CodeIgniter\Model->doInsert([...])
 4 SYSTEMPATH\Model.php(797): CodeIgniter\BaseModel->insert([...], false)
 5 SYSTEMPATH\BaseModel.php(751): CodeIgniter\Model->insert([...], false)
 6 APPPATH\Controllers\CenterDashboard.php(242): CodeIgniter\BaseModel->save([...])
 7 SYSTEMPATH\CodeIgniter.php(933): App\Controllers\CenterDashboard->saveStudent()
 8 SYSTEMPATH\CodeIgniter.php(507): CodeIgniter\CodeIgniter->runController(Object(App\Controllers\CenterDashboard))
 9 SYSTEMPATH\CodeIgniter.php(354): CodeIgniter\CodeIgniter->handleRequest(null, Object(Config\Cache), false)
10 SYSTEMPATH\Boot.php(363): CodeIgniter\CodeIgniter->run()
11 SYSTEMPATH\Boot.php(68): CodeIgniter\Boot::runCodeIgniter(Object(CodeIgniter\CodeIgniter))
12 FCPATH\index.php(59): CodeIgniter\Boot::bootWeb(Object(Config\Paths))
CRITICAL - 2026-02-16 11:02:29 --> [Caused by] CodeIgniter\Database\Exceptions\DatabaseException: Unknown column 'course_id' in 'field list'
in SYSTEMPATH\Database\MySQLi\Connection.php on line 332.
 1 SYSTEMPATH\Database\BaseConnection.php(729): CodeIgniter\Database\MySQLi\Connection->execute('INSERT INTO `students` (`center_id`, `enrollment_no`, `student_name`, `father_name`, `phone`, `guardian_phone`, `email`, `address`, `course_id`, `fee`, `duration`, `enroll_date`, `course_status`) VALUES (\'5\', \'sly-@056-\', \'akash\', \'amrik\', \'07876728830\', \'07876728830\', \'bhattinikhil530@gamail.com\', \'Rampurjangi\', \'14\', \'1000.00\', \'3\', \'2026-02-16\', \'pending\')')
 2 SYSTEMPATH\Database\BaseConnection.php(646): CodeIgniter\Database\BaseConnection->simpleQuery('INSERT INTO `students` (`center_id`, `enrollment_no`, `student_name`, `father_name`, `phone`, `guardian_phone`, `email`, `address`, `course_id`, `fee`, `duration`, `enroll_date`, `course_status`) VALUES (\'5\', \'sly-@056-\', \'akash\', \'amrik\', \'07876728830\', \'07876728830\', \'bhattinikhil530@gamail.com\', \'Rampurjangi\', \'14\', \'1000.00\', \'3\', \'2026-02-16\', \'pending\')')
 3 SYSTEMPATH\Database\BaseBuilder.php(2345): CodeIgniter\Database\BaseConnection->query('INSERT INTO `students` (`center_id`, `enrollment_no`, `student_name`, `father_name`, `phone`, `guardian_phone`, `email`, `address`, `course_id`, `fee`, `duration`, `enroll_date`, `course_status`) VALUES (:center_id:, :enrollment_no:, :student_name:, :father_name:, :phone:, :guardian_phone:, :email:, :address:, :course_id:, :fee:, :duration:, :enroll_date:, :course_status:)', [...], false)
 4 SYSTEMPATH\Model.php(394): CodeIgniter\Database\BaseBuilder->insert()
 5 SYSTEMPATH\BaseModel.php(838): CodeIgniter\Model->doInsert([...])
 6 SYSTEMPATH\Model.php(797): CodeIgniter\BaseModel->insert([...], false)
 7 SYSTEMPATH\BaseModel.php(751): CodeIgniter\Model->insert([...], false)
 8 APPPATH\Controllers\CenterDashboard.php(242): CodeIgniter\BaseModel->save([...])
 9 SYSTEMPATH\CodeIgniter.php(933): App\Controllers\CenterDashboard->saveStudent()
10 SYSTEMPATH\CodeIgniter.php(507): CodeIgniter\CodeIgniter->runController(Object(App\Controllers\CenterDashboard))
11 SYSTEMPATH\CodeIgniter.php(354): CodeIgniter\CodeIgniter->handleRequest(null, Object(Config\Cache), false)
12 SYSTEMPATH\Boot.php(363): CodeIgniter\CodeIgniter->run()
13 SYSTEMPATH\Boot.php(68): CodeIgniter\Boot::runCodeIgniter(Object(CodeIgniter\CodeIgniter))
14 FCPATH\index.php(59): CodeIgniter\Boot::bootWeb(Object(Config\Paths))
CRITICAL - 2026-02-16 11:02:29 --> [Caused by] mysqli_sql_exception: Unknown column 'course_id' in 'field list'
in SYSTEMPATH\Database\MySQLi\Connection.php on line 327.
 1 SYSTEMPATH\Database\MySQLi\Connection.php(327): mysqli->query('INSERT INTO `students` (`center_id`, `enrollment_no`, `student_name`, `father_name`, `phone`, `guardian_phone`, `email`, `address`, `course_id`, `fee`, `duration`, `enroll_date`, `course_status`) VALUES (\'5\', \'sly-@056-\', \'akash\', \'amrik\', \'07876728830\', \'07876728830\', \'bhattinikhil530@gamail.com\', \'Rampurjangi\', \'14\', \'1000.00\', \'3\', \'2026-02-16\', \'pending\')', 0)
 2 SYSTEMPATH\Database\BaseConnection.php(729): CodeIgniter\Database\MySQLi\Connection->execute('INSERT INTO `students` (`center_id`, `enrollment_no`, `student_name`, `father_name`, `phone`, `guardian_phone`, `email`, `address`, `course_id`, `fee`, `duration`, `enroll_date`, `course_status`) VALUES (\'5\', \'sly-@056-\', \'akash\', \'amrik\', \'07876728830\', \'07876728830\', \'bhattinikhil530@gamail.com\', \'Rampurjangi\', \'14\', \'1000.00\', \'3\', \'2026-02-16\', \'pending\')')
 3 SYSTEMPATH\Database\BaseConnection.php(646): CodeIgniter\Database\BaseConnection->simpleQuery('INSERT INTO `students` (`center_id`, `enrollment_no`, `student_name`, `father_name`, `phone`, `guardian_phone`, `email`, `address`, `course_id`, `fee`, `duration`, `enroll_date`, `course_status`) VALUES (\'5\', \'sly-@056-\', \'akash\', \'amrik\', \'07876728830\', \'07876728830\', \'bhattinikhil530@gamail.com\', \'Rampurjangi\', \'14\', \'1000.00\', \'3\', \'2026-02-16\', \'pending\')')
 4 SYSTEMPATH\Database\BaseBuilder.php(2345): CodeIgniter\Database\BaseConnection->query('INSERT INTO `students` (`center_id`, `enrollment_no`, `student_name`, `father_name`, `phone`, `guardian_phone`, `email`, `address`, `course_id`, `fee`, `duration`, `enroll_date`, `course_status`) VALUES (:center_id:, :enrollment_no:, :student_name:, :father_name:, :phone:, :guardian_phone:, :email:, :address:, :course_id:, :fee:, :duration:, :enroll_date:, :course_status:)', [...], false)
 5 SYSTEMPATH\Model.php(394): CodeIgniter\Database\BaseBuilder->insert()
 6 SYSTEMPATH\BaseModel.php(838): CodeIgniter\Model->doInsert([...])
 7 SYSTEMPATH\Model.php(797): CodeIgniter\BaseModel->insert([...], false)
 8 SYSTEMPATH\BaseModel.php(751): CodeIgniter\Model->insert([...], false)
 9 APPPATH\Controllers\CenterDashboard.php(242): CodeIgniter\BaseModel->save([...])
10 SYSTEMPATH\CodeIgniter.php(933): App\Controllers\CenterDashboard->saveStudent()
11 SYSTEMPATH\CodeIgniter.php(507): CodeIgniter\CodeIgniter->runController(Object(App\Controllers\CenterDashboard))
12 SYSTEMPATH\CodeIgniter.php(354): CodeIgniter\CodeIgniter->handleRequest(null, Object(Config\Cache), false)
13 SYSTEMPATH\Boot.php(363): CodeIgniter\CodeIgniter->run()
14 SYSTEMPATH\Boot.php(68): CodeIgniter\Boot::runCodeIgniter(Object(CodeIgniter\CodeIgniter))
15 FCPATH\index.php(59): CodeIgniter\Boot::bootWeb(Object(Config\Paths))
