CRITICAL - 2026-01-09 11:42:54 --> ErrorException: Undefined variable $admin
[Method: GET, Route: superadmin/profile]
in APPPATH\Views\superadmin\profile.php on line 14.
 1 APPPATH\Views\superadmin\profile.php(14): CodeIgniter\Debug\Exceptions->errorHandler(2, 'Undefined variable $admin', 'C:\\wamp64\\www\\ci4\\app\\Views\\superadmin\\profile.php', 14)
 2 SYSTEMPATH\View\View.php(226): include('C:\\wamp64\\www\\ci4\\app\\Views\\superadmin\\profile.php')
 3 SYSTEMPATH\View\View.php(229): CodeIgniter\View\View->CodeIgniter\View\{closure}()
 4 SYSTEMPATH\Common.php(1167): CodeIgniter\View\View->render('superadmin/profile', [], true)
 5 APPPATH\Controllers\SuperAdmin.php(611): view('superadmin/profile', [...])
 6 SYSTEMPATH\CodeIgniter.php(933): App\Controllers\SuperAdmin->profile()
 7 SYSTEMPATH\CodeIgniter.php(507): CodeIgniter\CodeIgniter->runController(Object(App\Controllers\SuperAdmin))
 8 SYSTEMPATH\CodeIgniter.php(354): CodeIgniter\CodeIgniter->handleRequest(null, Object(Config\Cache), false)
 9 SYSTEMPATH\Boot.php(363): CodeIgniter\CodeIgniter->run()
10 SYSTEMPATH\Boot.php(68): CodeIgniter\Boot::runCodeIgniter(Object(CodeIgniter\CodeIgniter))
11 FCPATH\index.php(59): CodeIgniter\Boot::bootWeb(Object(Config\Paths))
CRITICAL - 2026-01-09 11:49:38 --> ErrorException: Undefined variable $admin
[Method: GET, Route: superadmin/profile]
in APPPATH\Views\superadmin\profile.php on line 14.
 1 APPPATH\Views\superadmin\profile.php(14): CodeIgniter\Debug\Exceptions->errorHandler(2, 'Undefined variable $admin', 'C:\\wamp64\\www\\ci4\\app\\Views\\superadmin\\profile.php', 14)
 2 SYSTEMPATH\View\View.php(226): include('C:\\wamp64\\www\\ci4\\app\\Views\\superadmin\\profile.php')
 3 SYSTEMPATH\View\View.php(229): CodeIgniter\View\View->CodeIgniter\View\{closure}()
 4 SYSTEMPATH\Common.php(1167): CodeIgniter\View\View->render('superadmin/profile', [], true)
 5 APPPATH\Controllers\SuperAdmin.php(611): view('superadmin/profile', [...])
 6 SYSTEMPATH\CodeIgniter.php(933): App\Controllers\SuperAdmin->profile()
 7 SYSTEMPATH\CodeIgniter.php(507): CodeIgniter\CodeIgniter->runController(Object(App\Controllers\SuperAdmin))
 8 SYSTEMPATH\CodeIgniter.php(354): CodeIgniter\CodeIgniter->handleRequest(null, Object(Config\Cache), false)
 9 SYSTEMPATH\Boot.php(363): CodeIgniter\CodeIgniter->run()
10 SYSTEMPATH\Boot.php(68): CodeIgniter\Boot::runCodeIgniter(Object(CodeIgniter\CodeIgniter))
11 FCPATH\index.php(59): CodeIgniter\Boot::bootWeb(Object(Config\Paths))
CRITICAL - 2026-01-09 11:49:38 --> ErrorException: Undefined variable $admin
[Method: GET, Route: superadmin/profile]
in APPPATH\Views\superadmin\profile.php on line 14.
 1 APPPATH\Views\superadmin\profile.php(14): CodeIgniter\Debug\Exceptions->errorHandler(2, 'Undefined variable $admin', 'C:\\wamp64\\www\\ci4\\app\\Views\\superadmin\\profile.php', 14)
 2 SYSTEMPATH\View\View.php(226): include('C:\\wamp64\\www\\ci4\\app\\Views\\superadmin\\profile.php')
 3 SYSTEMPATH\View\View.php(229): CodeIgniter\View\View->CodeIgniter\View\{closure}()
 4 SYSTEMPATH\Common.php(1167): CodeIgniter\View\View->render('superadmin/profile', [], true)
 5 APPPATH\Controllers\SuperAdmin.php(611): view('superadmin/profile', [...])
 6 SYSTEMPATH\CodeIgniter.php(933): App\Controllers\SuperAdmin->profile()
 7 SYSTEMPATH\CodeIgniter.php(507): CodeIgniter\CodeIgniter->runController(Object(App\Controllers\SuperAdmin))
 8 SYSTEMPATH\CodeIgniter.php(354): CodeIgniter\CodeIgniter->handleRequest(null, Object(Config\Cache), false)
 9 SYSTEMPATH\Boot.php(363): CodeIgniter\CodeIgniter->run()
10 SYSTEMPATH\Boot.php(68): CodeIgniter\Boot::runCodeIgniter(Object(CodeIgniter\CodeIgniter))
11 FCPATH\index.php(59): CodeIgniter\Boot::bootWeb(Object(Config\Paths))
CRITICAL - 2026-01-09 11:49:39 --> ErrorException: Undefined variable $admin
[Method: GET, Route: superadmin/profile]
in APPPATH\Views\superadmin\profile.php on line 14.
 1 APPPATH\Views\superadmin\profile.php(14): CodeIgniter\Debug\Exceptions->errorHandler(2, 'Undefined variable $admin', 'C:\\wamp64\\www\\ci4\\app\\Views\\superadmin\\profile.php', 14)
 2 SYSTEMPATH\View\View.php(226): include('C:\\wamp64\\www\\ci4\\app\\Views\\superadmin\\profile.php')
 3 SYSTEMPATH\View\View.php(229): CodeIgniter\View\View->CodeIgniter\View\{closure}()
 4 SYSTEMPATH\Common.php(1167): CodeIgniter\View\View->render('superadmin/profile', [], true)
 5 APPPATH\Controllers\SuperAdmin.php(611): view('superadmin/profile', [...])
 6 SYSTEMPATH\CodeIgniter.php(933): App\Controllers\SuperAdmin->profile()
 7 SYSTEMPATH\CodeIgniter.php(507): CodeIgniter\CodeIgniter->runController(Object(App\Controllers\SuperAdmin))
 8 SYSTEMPATH\CodeIgniter.php(354): CodeIgniter\CodeIgniter->handleRequest(null, Object(Config\Cache), false)
 9 SYSTEMPATH\Boot.php(363): CodeIgniter\CodeIgniter->run()
10 SYSTEMPATH\Boot.php(68): CodeIgniter\Boot::runCodeIgniter(Object(CodeIgniter\CodeIgniter))
11 FCPATH\index.php(59): CodeIgniter\Boot::bootWeb(Object(Config\Paths))
CRITICAL - 2026-01-09 11:49:39 --> ErrorException: Undefined variable $admin
[Method: GET, Route: superadmin/profile]
in APPPATH\Views\superadmin\profile.php on line 14.
 1 APPPATH\Views\superadmin\profile.php(14): CodeIgniter\Debug\Exceptions->errorHandler(2, 'Undefined variable $admin', 'C:\\wamp64\\www\\ci4\\app\\Views\\superadmin\\profile.php', 14)
 2 SYSTEMPATH\View\View.php(226): include('C:\\wamp64\\www\\ci4\\app\\Views\\superadmin\\profile.php')
 3 SYSTEMPATH\View\View.php(229): CodeIgniter\View\View->CodeIgniter\View\{closure}()
 4 SYSTEMPATH\Common.php(1167): CodeIgniter\View\View->render('superadmin/profile', [], true)
 5 APPPATH\Controllers\SuperAdmin.php(611): view('superadmin/profile', [...])
 6 SYSTEMPATH\CodeIgniter.php(933): App\Controllers\SuperAdmin->profile()
 7 SYSTEMPATH\CodeIgniter.php(507): CodeIgniter\CodeIgniter->runController(Object(App\Controllers\SuperAdmin))
 8 SYSTEMPATH\CodeIgniter.php(354): CodeIgniter\CodeIgniter->handleRequest(null, Object(Config\Cache), false)
 9 SYSTEMPATH\Boot.php(363): CodeIgniter\CodeIgniter->run()
10 SYSTEMPATH\Boot.php(68): CodeIgniter\Boot::runCodeIgniter(Object(CodeIgniter\CodeIgniter))
11 FCPATH\index.php(59): CodeIgniter\Boot::bootWeb(Object(Config\Paths))
CRITICAL - 2026-01-09 11:52:03 --> ErrorException: Undefined variable $admin
[Method: GET, Route: superadmin/profile]
in APPPATH\Views\superadmin\profile.php on line 14.
 1 APPPATH\Views\superadmin\profile.php(14): CodeIgniter\Debug\Exceptions->errorHandler(2, 'Undefined variable $admin', 'C:\\wamp64\\www\\ci4\\app\\Views\\superadmin\\profile.php', 14)
 2 SYSTEMPATH\View\View.php(226): include('C:\\wamp64\\www\\ci4\\app\\Views\\superadmin\\profile.php')
 3 SYSTEMPATH\View\View.php(229): CodeIgniter\View\View->CodeIgniter\View\{closure}()
 4 SYSTEMPATH\Common.php(1167): CodeIgniter\View\View->render('superadmin/profile', [], true)
 5 APPPATH\Controllers\SuperAdmin.php(611): view('superadmin/profile', [...])
 6 SYSTEMPATH\CodeIgniter.php(933): App\Controllers\SuperAdmin->profile()
 7 SYSTEMPATH\CodeIgniter.php(507): CodeIgniter\CodeIgniter->runController(Object(App\Controllers\SuperAdmin))
 8 SYSTEMPATH\CodeIgniter.php(354): CodeIgniter\CodeIgniter->handleRequest(null, Object(Config\Cache), false)
 9 SYSTEMPATH\Boot.php(363): CodeIgniter\CodeIgniter->run()
10 SYSTEMPATH\Boot.php(68): CodeIgniter\Boot::runCodeIgniter(Object(CodeIgniter\CodeIgniter))
11 FCPATH\index.php(59): CodeIgniter\Boot::bootWeb(Object(Config\Paths))
CRITICAL - 2026-01-09 11:52:11 --> ErrorException: Undefined variable $admin
[Method: GET, Route: superadmin/profile]
in APPPATH\Views\superadmin\profile.php on line 14.
 1 APPPATH\Views\superadmin\profile.php(14): CodeIgniter\Debug\Exceptions->errorHandler(2, 'Undefined variable $admin', 'C:\\wamp64\\www\\ci4\\app\\Views\\superadmin\\profile.php', 14)
 2 SYSTEMPATH\View\View.php(226): include('C:\\wamp64\\www\\ci4\\app\\Views\\superadmin\\profile.php')
 3 SYSTEMPATH\View\View.php(229): CodeIgniter\View\View->CodeIgniter\View\{closure}()
 4 SYSTEMPATH\Common.php(1167): CodeIgniter\View\View->render('superadmin/profile', [], true)
 5 APPPATH\Controllers\SuperAdmin.php(611): view('superadmin/profile', [...])
 6 SYSTEMPATH\CodeIgniter.php(933): App\Controllers\SuperAdmin->profile()
 7 SYSTEMPATH\CodeIgniter.php(507): CodeIgniter\CodeIgniter->runController(Object(App\Controllers\SuperAdmin))
 8 SYSTEMPATH\CodeIgniter.php(354): CodeIgniter\CodeIgniter->handleRequest(null, Object(Config\Cache), false)
 9 SYSTEMPATH\Boot.php(363): CodeIgniter\CodeIgniter->run()
10 SYSTEMPATH\Boot.php(68): CodeIgniter\Boot::runCodeIgniter(Object(CodeIgniter\CodeIgniter))
11 FCPATH\index.php(59): CodeIgniter\Boot::bootWeb(Object(Config\Paths))
