CRITICAL - 2026-03-12 08:14:28 --> CodeIgniter\View\Exceptions\ViewException: Invalid file: "center/layout.php"
[Method: GET, Route: center/notifications]
in SYSTEMPATH\Exceptions\FrameworkException.php on line 39.
 1 SYSTEMPATH\View\View.php(214): CodeIgniter\Exceptions\FrameworkException::forInvalidFile('center/layout.php')
 2 SYSTEMPATH\View\View.php(242): CodeIgniter\View\View->render('center/layout', [], true)
 3 SYSTEMPATH\Common.php(1167): CodeIgniter\View\View->render('center/notifications', [], true)
 4 APPPATH\Controllers\CenterDashboard.php(379): view('center/notifications', [...])
 5 SYSTEMPATH\CodeIgniter.php(933): App\Controllers\CenterDashboard->notifications()
 6 SYSTEMPATH\CodeIgniter.php(507): CodeIgniter\CodeIgniter->runController(Object(App\Controllers\CenterDashboard))
 7 SYSTEMPATH\CodeIgniter.php(354): CodeIgniter\CodeIgniter->handleRequest(null, Object(Config\Cache), false)
 8 SYSTEMPATH\Boot.php(363): CodeIgniter\CodeIgniter->run()
 9 SYSTEMPATH\Boot.php(68): CodeIgniter\Boot::runCodeIgniter(Object(CodeIgniter\CodeIgniter))
10 FCPATH\index.php(59): CodeIgniter\Boot::bootWeb(Object(Config\Paths))
ERROR - 2026-03-12 11:07:08 --> mysqli_sql_exception: Unknown column 'image' in 'field list' in C:\wamp64\www\ci4\system\Database\MySQLi\Connection.php:327
Stack trace:
#0 C:\wamp64\www\ci4\system\Database\MySQLi\Connection.php(327): mysqli->query('INSERT INTO `st...', 0)
#1 C:\wamp64\www\ci4\system\Database\BaseConnection.php(729): CodeIgniter\Database\MySQLi\Connection->execute('INSERT INTO `st...')
#2 C:\wamp64\www\ci4\system\Database\BaseConnection.php(646): CodeIgniter\Database\BaseConnection->simpleQuery('INSERT INTO `st...')
#3 C:\wamp64\www\ci4\system\Database\BaseBuilder.php(2345): CodeIgniter\Database\BaseConnection->query('INSERT INTO `st...', Array, false)
#4 C:\wamp64\www\ci4\app\Controllers\CenterDashboard.php(258): CodeIgniter\Database\BaseBuilder->insert(Array)
#5 C:\wamp64\www\ci4\system\CodeIgniter.php(933): App\Controllers\CenterDashboard->saveStudent()
#6 C:\wamp64\www\ci4\system\CodeIgniter.php(507): CodeIgniter\CodeIgniter->runController(Object(App\Controllers\CenterDashboard))
#7 C:\wamp64\www\ci4\system\CodeIgniter.php(354): CodeIgniter\CodeIgniter->handleRequest(NULL, Object(Config\Cache), false)
#8 C:\wamp64\www\ci4\system\Boot.php(363): CodeIgniter\CodeIgniter->run()
#9 C:\wamp64\www\ci4\system\Boot.php(68): CodeIgniter\Boot::runCodeIgniter(Object(CodeIgniter\CodeIgniter))
#10 C:\wamp64\www\ci4\public\index.php(59): CodeIgniter\Boot::bootWeb(Object(Config\Paths))
#11 {main}
ERROR - 2026-03-12 11:07:20 --> mysqli_sql_exception: Unknown column 'image' in 'field list' in C:\wamp64\www\ci4\system\Database\MySQLi\Connection.php:327
Stack trace:
#0 C:\wamp64\www\ci4\system\Database\MySQLi\Connection.php(327): mysqli->query('INSERT INTO `st...', 0)
#1 C:\wamp64\www\ci4\system\Database\BaseConnection.php(729): CodeIgniter\Database\MySQLi\Connection->execute('INSERT INTO `st...')
#2 C:\wamp64\www\ci4\system\Database\BaseConnection.php(646): CodeIgniter\Database\BaseConnection->simpleQuery('INSERT INTO `st...')
#3 C:\wamp64\www\ci4\system\Database\BaseBuilder.php(2345): CodeIgniter\Database\BaseConnection->query('INSERT INTO `st...', Array, false)
#4 C:\wamp64\www\ci4\app\Controllers\CenterDashboard.php(258): CodeIgniter\Database\BaseBuilder->insert(Array)
#5 C:\wamp64\www\ci4\system\CodeIgniter.php(933): App\Controllers\CenterDashboard->saveStudent()
#6 C:\wamp64\www\ci4\system\CodeIgniter.php(507): CodeIgniter\CodeIgniter->runController(Object(App\Controllers\CenterDashboard))
#7 C:\wamp64\www\ci4\system\CodeIgniter.php(354): CodeIgniter\CodeIgniter->handleRequest(NULL, Object(Config\Cache), false)
#8 C:\wamp64\www\ci4\system\Boot.php(363): CodeIgniter\CodeIgniter->run()
#9 C:\wamp64\www\ci4\system\Boot.php(68): CodeIgniter\Boot::runCodeIgniter(Object(CodeIgniter\CodeIgniter))
#10 C:\wamp64\www\ci4\public\index.php(59): CodeIgniter\Boot::bootWeb(Object(Config\Paths))
#11 {main}
ERROR - 2026-03-12 11:07:23 --> mysqli_sql_exception: Unknown column 'image' in 'field list' in C:\wamp64\www\ci4\system\Database\MySQLi\Connection.php:327
Stack trace:
#0 C:\wamp64\www\ci4\system\Database\MySQLi\Connection.php(327): mysqli->query('INSERT INTO `st...', 0)
#1 C:\wamp64\www\ci4\system\Database\BaseConnection.php(729): CodeIgniter\Database\MySQLi\Connection->execute('INSERT INTO `st...')
#2 C:\wamp64\www\ci4\system\Database\BaseConnection.php(646): CodeIgniter\Database\BaseConnection->simpleQuery('INSERT INTO `st...')
#3 C:\wamp64\www\ci4\system\Database\BaseBuilder.php(2345): CodeIgniter\Database\BaseConnection->query('INSERT INTO `st...', Array, false)
#4 C:\wamp64\www\ci4\app\Controllers\CenterDashboard.php(258): CodeIgniter\Database\BaseBuilder->insert(Array)
#5 C:\wamp64\www\ci4\system\CodeIgniter.php(933): App\Controllers\CenterDashboard->saveStudent()
#6 C:\wamp64\www\ci4\system\CodeIgniter.php(507): CodeIgniter\CodeIgniter->runController(Object(App\Controllers\CenterDashboard))
#7 C:\wamp64\www\ci4\system\CodeIgniter.php(354): CodeIgniter\CodeIgniter->handleRequest(NULL, Object(Config\Cache), false)
#8 C:\wamp64\www\ci4\system\Boot.php(363): CodeIgniter\CodeIgniter->run()
#9 C:\wamp64\www\ci4\system\Boot.php(68): CodeIgniter\Boot::runCodeIgniter(Object(CodeIgniter\CodeIgniter))
#10 C:\wamp64\www\ci4\public\index.php(59): CodeIgniter\Boot::bootWeb(Object(Config\Paths))
#11 {main}
ERROR - 2026-03-12 11:07:39 --> mysqli_sql_exception: Unknown column 'image' in 'field list' in C:\wamp64\www\ci4\system\Database\MySQLi\Connection.php:327
Stack trace:
#0 C:\wamp64\www\ci4\system\Database\MySQLi\Connection.php(327): mysqli->query('INSERT INTO `st...', 0)
#1 C:\wamp64\www\ci4\system\Database\BaseConnection.php(729): CodeIgniter\Database\MySQLi\Connection->execute('INSERT INTO `st...')
#2 C:\wamp64\www\ci4\system\Database\BaseConnection.php(646): CodeIgniter\Database\BaseConnection->simpleQuery('INSERT INTO `st...')
#3 C:\wamp64\www\ci4\system\Database\BaseBuilder.php(2345): CodeIgniter\Database\BaseConnection->query('INSERT INTO `st...', Array, false)
#4 C:\wamp64\www\ci4\app\Controllers\CenterDashboard.php(258): CodeIgniter\Database\BaseBuilder->insert(Array)
#5 C:\wamp64\www\ci4\system\CodeIgniter.php(933): App\Controllers\CenterDashboard->saveStudent()
#6 C:\wamp64\www\ci4\system\CodeIgniter.php(507): CodeIgniter\CodeIgniter->runController(Object(App\Controllers\CenterDashboard))
#7 C:\wamp64\www\ci4\system\CodeIgniter.php(354): CodeIgniter\CodeIgniter->handleRequest(NULL, Object(Config\Cache), false)
#8 C:\wamp64\www\ci4\system\Boot.php(363): CodeIgniter\CodeIgniter->run()
#9 C:\wamp64\www\ci4\system\Boot.php(68): CodeIgniter\Boot::runCodeIgniter(Object(CodeIgniter\CodeIgniter))
#10 C:\wamp64\www\ci4\public\index.php(59): CodeIgniter\Boot::bootWeb(Object(Config\Paths))
#11 {main}
ERROR - 2026-03-12 11:07:44 --> mysqli_sql_exception: Unknown column 'image' in 'field list' in C:\wamp64\www\ci4\system\Database\MySQLi\Connection.php:327
Stack trace:
#0 C:\wamp64\www\ci4\system\Database\MySQLi\Connection.php(327): mysqli->query('INSERT INTO `st...', 0)
#1 C:\wamp64\www\ci4\system\Database\BaseConnection.php(729): CodeIgniter\Database\MySQLi\Connection->execute('INSERT INTO `st...')
#2 C:\wamp64\www\ci4\system\Database\BaseConnection.php(646): CodeIgniter\Database\BaseConnection->simpleQuery('INSERT INTO `st...')
#3 C:\wamp64\www\ci4\system\Database\BaseBuilder.php(2345): CodeIgniter\Database\BaseConnection->query('INSERT INTO `st...', Array, false)
#4 C:\wamp64\www\ci4\app\Controllers\CenterDashboard.php(258): CodeIgniter\Database\BaseBuilder->insert(Array)
#5 C:\wamp64\www\ci4\system\CodeIgniter.php(933): App\Controllers\CenterDashboard->saveStudent()
#6 C:\wamp64\www\ci4\system\CodeIgniter.php(507): CodeIgniter\CodeIgniter->runController(Object(App\Controllers\CenterDashboard))
#7 C:\wamp64\www\ci4\system\CodeIgniter.php(354): CodeIgniter\CodeIgniter->handleRequest(NULL, Object(Config\Cache), false)
#8 C:\wamp64\www\ci4\system\Boot.php(363): CodeIgniter\CodeIgniter->run()
#9 C:\wamp64\www\ci4\system\Boot.php(68): CodeIgniter\Boot::runCodeIgniter(Object(CodeIgniter\CodeIgniter))
#10 C:\wamp64\www\ci4\public\index.php(59): CodeIgniter\Boot::bootWeb(Object(Config\Paths))
#11 {main}
ERROR - 2026-03-12 11:08:21 --> mysqli_sql_exception: Unknown column 'image' in 'field list' in C:\wamp64\www\ci4\system\Database\MySQLi\Connection.php:327
Stack trace:
#0 C:\wamp64\www\ci4\system\Database\MySQLi\Connection.php(327): mysqli->query('INSERT INTO `st...', 0)
#1 C:\wamp64\www\ci4\system\Database\BaseConnection.php(729): CodeIgniter\Database\MySQLi\Connection->execute('INSERT INTO `st...')
#2 C:\wamp64\www\ci4\system\Database\BaseConnection.php(646): CodeIgniter\Database\BaseConnection->simpleQuery('INSERT INTO `st...')
#3 C:\wamp64\www\ci4\system\Database\BaseBuilder.php(2345): CodeIgniter\Database\BaseConnection->query('INSERT INTO `st...', Array, false)
#4 C:\wamp64\www\ci4\app\Controllers\CenterDashboard.php(258): CodeIgniter\Database\BaseBuilder->insert(Array)
#5 C:\wamp64\www\ci4\system\CodeIgniter.php(933): App\Controllers\CenterDashboard->saveStudent()
#6 C:\wamp64\www\ci4\system\CodeIgniter.php(507): CodeIgniter\CodeIgniter->runController(Object(App\Controllers\CenterDashboard))
#7 C:\wamp64\www\ci4\system\CodeIgniter.php(354): CodeIgniter\CodeIgniter->handleRequest(NULL, Object(Config\Cache), false)
#8 C:\wamp64\www\ci4\system\Boot.php(363): CodeIgniter\CodeIgniter->run()
#9 C:\wamp64\www\ci4\system\Boot.php(68): CodeIgniter\Boot::runCodeIgniter(Object(CodeIgniter\CodeIgniter))
#10 C:\wamp64\www\ci4\public\index.php(59): CodeIgniter\Boot::bootWeb(Object(Config\Paths))
#11 {main}
ERROR - 2026-03-12 11:08:25 --> mysqli_sql_exception: Unknown column 'image' in 'field list' in C:\wamp64\www\ci4\system\Database\MySQLi\Connection.php:327
Stack trace:
#0 C:\wamp64\www\ci4\system\Database\MySQLi\Connection.php(327): mysqli->query('INSERT INTO `st...', 0)
#1 C:\wamp64\www\ci4\system\Database\BaseConnection.php(729): CodeIgniter\Database\MySQLi\Connection->execute('INSERT INTO `st...')
#2 C:\wamp64\www\ci4\system\Database\BaseConnection.php(646): CodeIgniter\Database\BaseConnection->simpleQuery('INSERT INTO `st...')
#3 C:\wamp64\www\ci4\system\Database\BaseBuilder.php(2345): CodeIgniter\Database\BaseConnection->query('INSERT INTO `st...', Array, false)
#4 C:\wamp64\www\ci4\app\Controllers\CenterDashboard.php(258): CodeIgniter\Database\BaseBuilder->insert(Array)
#5 C:\wamp64\www\ci4\system\CodeIgniter.php(933): App\Controllers\CenterDashboard->saveStudent()
#6 C:\wamp64\www\ci4\system\CodeIgniter.php(507): CodeIgniter\CodeIgniter->runController(Object(App\Controllers\CenterDashboard))
#7 C:\wamp64\www\ci4\system\CodeIgniter.php(354): CodeIgniter\CodeIgniter->handleRequest(NULL, Object(Config\Cache), false)
#8 C:\wamp64\www\ci4\system\Boot.php(363): CodeIgniter\CodeIgniter->run()
#9 C:\wamp64\www\ci4\system\Boot.php(68): CodeIgniter\Boot::runCodeIgniter(Object(CodeIgniter\CodeIgniter))
#10 C:\wamp64\www\ci4\public\index.php(59): CodeIgniter\Boot::bootWeb(Object(Config\Paths))
#11 {main}
ERROR - 2026-03-12 11:09:58 --> mysqli_sql_exception: Unknown column 'image' in 'field list' in C:\wamp64\www\ci4\system\Database\MySQLi\Connection.php:327
Stack trace:
#0 C:\wamp64\www\ci4\system\Database\MySQLi\Connection.php(327): mysqli->query('INSERT INTO `st...', 0)
#1 C:\wamp64\www\ci4\system\Database\BaseConnection.php(729): CodeIgniter\Database\MySQLi\Connection->execute('INSERT INTO `st...')
#2 C:\wamp64\www\ci4\system\Database\BaseConnection.php(646): CodeIgniter\Database\BaseConnection->simpleQuery('INSERT INTO `st...')
#3 C:\wamp64\www\ci4\system\Database\BaseBuilder.php(2345): CodeIgniter\Database\BaseConnection->query('INSERT INTO `st...', Array, false)
#4 C:\wamp64\www\ci4\app\Controllers\CenterDashboard.php(266): CodeIgniter\Database\BaseBuilder->insert(Array)
#5 C:\wamp64\www\ci4\system\CodeIgniter.php(933): App\Controllers\CenterDashboard->saveStudent()
#6 C:\wamp64\www\ci4\system\CodeIgniter.php(507): CodeIgniter\CodeIgniter->runController(Object(App\Controllers\CenterDashboard))
#7 C:\wamp64\www\ci4\system\CodeIgniter.php(354): CodeIgniter\CodeIgniter->handleRequest(NULL, Object(Config\Cache), false)
#8 C:\wamp64\www\ci4\system\Boot.php(363): CodeIgniter\CodeIgniter->run()
#9 C:\wamp64\www\ci4\system\Boot.php(68): CodeIgniter\Boot::runCodeIgniter(Object(CodeIgniter\CodeIgniter))
#10 C:\wamp64\www\ci4\public\index.php(59): CodeIgniter\Boot::bootWeb(Object(Config\Paths))
#11 {main}
ERROR - 2026-03-12 11:10:01 --> mysqli_sql_exception: Unknown column 'image' in 'field list' in C:\wamp64\www\ci4\system\Database\MySQLi\Connection.php:327
Stack trace:
#0 C:\wamp64\www\ci4\system\Database\MySQLi\Connection.php(327): mysqli->query('INSERT INTO `st...', 0)
#1 C:\wamp64\www\ci4\system\Database\BaseConnection.php(729): CodeIgniter\Database\MySQLi\Connection->execute('INSERT INTO `st...')
#2 C:\wamp64\www\ci4\system\Database\BaseConnection.php(646): CodeIgniter\Database\BaseConnection->simpleQuery('INSERT INTO `st...')
#3 C:\wamp64\www\ci4\system\Database\BaseBuilder.php(2345): CodeIgniter\Database\BaseConnection->query('INSERT INTO `st...', Array, false)
#4 C:\wamp64\www\ci4\app\Controllers\CenterDashboard.php(266): CodeIgniter\Database\BaseBuilder->insert(Array)
#5 C:\wamp64\www\ci4\system\CodeIgniter.php(933): App\Controllers\CenterDashboard->saveStudent()
#6 C:\wamp64\www\ci4\system\CodeIgniter.php(507): CodeIgniter\CodeIgniter->runController(Object(App\Controllers\CenterDashboard))
#7 C:\wamp64\www\ci4\system\CodeIgniter.php(354): CodeIgniter\CodeIgniter->handleRequest(NULL, Object(Config\Cache), false)
#8 C:\wamp64\www\ci4\system\Boot.php(363): CodeIgniter\CodeIgniter->run()
#9 C:\wamp64\www\ci4\system\Boot.php(68): CodeIgniter\Boot::runCodeIgniter(Object(CodeIgniter\CodeIgniter))
#10 C:\wamp64\www\ci4\public\index.php(59): CodeIgniter\Boot::bootWeb(Object(Config\Paths))
#11 {main}
ERROR - 2026-03-12 11:10:03 --> mysqli_sql_exception: Unknown column 'image' in 'field list' in C:\wamp64\www\ci4\system\Database\MySQLi\Connection.php:327
Stack trace:
#0 C:\wamp64\www\ci4\system\Database\MySQLi\Connection.php(327): mysqli->query('INSERT INTO `st...', 0)
#1 C:\wamp64\www\ci4\system\Database\BaseConnection.php(729): CodeIgniter\Database\MySQLi\Connection->execute('INSERT INTO `st...')
#2 C:\wamp64\www\ci4\system\Database\BaseConnection.php(646): CodeIgniter\Database\BaseConnection->simpleQuery('INSERT INTO `st...')
#3 C:\wamp64\www\ci4\system\Database\BaseBuilder.php(2345): CodeIgniter\Database\BaseConnection->query('INSERT INTO `st...', Array, false)
#4 C:\wamp64\www\ci4\app\Controllers\CenterDashboard.php(266): CodeIgniter\Database\BaseBuilder->insert(Array)
#5 C:\wamp64\www\ci4\system\CodeIgniter.php(933): App\Controllers\CenterDashboard->saveStudent()
#6 C:\wamp64\www\ci4\system\CodeIgniter.php(507): CodeIgniter\CodeIgniter->runController(Object(App\Controllers\CenterDashboard))
#7 C:\wamp64\www\ci4\system\CodeIgniter.php(354): CodeIgniter\CodeIgniter->handleRequest(NULL, Object(Config\Cache), false)
#8 C:\wamp64\www\ci4\system\Boot.php(363): CodeIgniter\CodeIgniter->run()
#9 C:\wamp64\www\ci4\system\Boot.php(68): CodeIgniter\Boot::runCodeIgniter(Object(CodeIgniter\CodeIgniter))
#10 C:\wamp64\www\ci4\public\index.php(59): CodeIgniter\Boot::bootWeb(Object(Config\Paths))
#11 {main}
ERROR - 2026-03-12 11:12:03 --> mysqli_sql_exception: Unknown column 'image' in 'field list' in C:\wamp64\www\ci4\system\Database\MySQLi\Connection.php:327
Stack trace:
#0 C:\wamp64\www\ci4\system\Database\MySQLi\Connection.php(327): mysqli->query('INSERT INTO `st...', 0)
#1 C:\wamp64\www\ci4\system\Database\BaseConnection.php(729): CodeIgniter\Database\MySQLi\Connection->execute('INSERT INTO `st...')
#2 C:\wamp64\www\ci4\system\Database\BaseConnection.php(646): CodeIgniter\Database\BaseConnection->simpleQuery('INSERT INTO `st...')
#3 C:\wamp64\www\ci4\system\Database\BaseBuilder.php(2345): CodeIgniter\Database\BaseConnection->query('INSERT INTO `st...', Array, false)
#4 C:\wamp64\www\ci4\app\Controllers\CenterDashboard.php(266): CodeIgniter\Database\BaseBuilder->insert(Array)
#5 C:\wamp64\www\ci4\system\CodeIgniter.php(933): App\Controllers\CenterDashboard->saveStudent()
#6 C:\wamp64\www\ci4\system\CodeIgniter.php(507): CodeIgniter\CodeIgniter->runController(Object(App\Controllers\CenterDashboard))
#7 C:\wamp64\www\ci4\system\CodeIgniter.php(354): CodeIgniter\CodeIgniter->handleRequest(NULL, Object(Config\Cache), false)
#8 C:\wamp64\www\ci4\system\Boot.php(363): CodeIgniter\CodeIgniter->run()
#9 C:\wamp64\www\ci4\system\Boot.php(68): CodeIgniter\Boot::runCodeIgniter(Object(CodeIgniter\CodeIgniter))
#10 C:\wamp64\www\ci4\public\index.php(59): CodeIgniter\Boot::bootWeb(Object(Config\Paths))
#11 {main}
ERROR - 2026-03-12 11:12:21 --> mysqli_sql_exception: Unknown column 'image' in 'field list' in C:\wamp64\www\ci4\system\Database\MySQLi\Connection.php:327
Stack trace:
#0 C:\wamp64\www\ci4\system\Database\MySQLi\Connection.php(327): mysqli->query('INSERT INTO `st...', 0)
#1 C:\wamp64\www\ci4\system\Database\BaseConnection.php(729): CodeIgniter\Database\MySQLi\Connection->execute('INSERT INTO `st...')
#2 C:\wamp64\www\ci4\system\Database\BaseConnection.php(646): CodeIgniter\Database\BaseConnection->simpleQuery('INSERT INTO `st...')
#3 C:\wamp64\www\ci4\system\Database\BaseBuilder.php(2345): CodeIgniter\Database\BaseConnection->query('INSERT INTO `st...', Array, false)
#4 C:\wamp64\www\ci4\app\Controllers\CenterDashboard.php(266): CodeIgniter\Database\BaseBuilder->insert(Array)
#5 C:\wamp64\www\ci4\system\CodeIgniter.php(933): App\Controllers\CenterDashboard->saveStudent()
#6 C:\wamp64\www\ci4\system\CodeIgniter.php(507): CodeIgniter\CodeIgniter->runController(Object(App\Controllers\CenterDashboard))
#7 C:\wamp64\www\ci4\system\CodeIgniter.php(354): CodeIgniter\CodeIgniter->handleRequest(NULL, Object(Config\Cache), false)
#8 C:\wamp64\www\ci4\system\Boot.php(363): CodeIgniter\CodeIgniter->run()
#9 C:\wamp64\www\ci4\system\Boot.php(68): CodeIgniter\Boot::runCodeIgniter(Object(CodeIgniter\CodeIgniter))
#10 C:\wamp64\www\ci4\public\index.php(59): CodeIgniter\Boot::bootWeb(Object(Config\Paths))
#11 {main}
ERROR - 2026-03-12 11:16:11 --> mysqli_sql_exception: Unknown column 'image' in 'field list' in C:\wamp64\www\ci4\system\Database\MySQLi\Connection.php:327
Stack trace:
#0 C:\wamp64\www\ci4\system\Database\MySQLi\Connection.php(327): mysqli->query('INSERT INTO `st...', 0)
#1 C:\wamp64\www\ci4\system\Database\BaseConnection.php(729): CodeIgniter\Database\MySQLi\Connection->execute('INSERT INTO `st...')
#2 C:\wamp64\www\ci4\system\Database\BaseConnection.php(646): CodeIgniter\Database\BaseConnection->simpleQuery('INSERT INTO `st...')
#3 C:\wamp64\www\ci4\system\Database\BaseBuilder.php(2345): CodeIgniter\Database\BaseConnection->query('INSERT INTO `st...', Array, false)
#4 C:\wamp64\www\ci4\app\Controllers\CenterDashboard.php(266): CodeIgniter\Database\BaseBuilder->insert(Array)
#5 C:\wamp64\www\ci4\system\CodeIgniter.php(933): App\Controllers\CenterDashboard->saveStudent()
#6 C:\wamp64\www\ci4\system\CodeIgniter.php(507): CodeIgniter\CodeIgniter->runController(Object(App\Controllers\CenterDashboard))
#7 C:\wamp64\www\ci4\system\CodeIgniter.php(354): CodeIgniter\CodeIgniter->handleRequest(NULL, Object(Config\Cache), false)
#8 C:\wamp64\www\ci4\system\Boot.php(363): CodeIgniter\CodeIgniter->run()
#9 C:\wamp64\www\ci4\system\Boot.php(68): CodeIgniter\Boot::runCodeIgniter(Object(CodeIgniter\CodeIgniter))
#10 C:\wamp64\www\ci4\public\index.php(59): CodeIgniter\Boot::bootWeb(Object(Config\Paths))
#11 {main}
ERROR - 2026-03-12 11:16:15 --> mysqli_sql_exception: Unknown column 'image' in 'field list' in C:\wamp64\www\ci4\system\Database\MySQLi\Connection.php:327
Stack trace:
#0 C:\wamp64\www\ci4\system\Database\MySQLi\Connection.php(327): mysqli->query('INSERT INTO `st...', 0)
#1 C:\wamp64\www\ci4\system\Database\BaseConnection.php(729): CodeIgniter\Database\MySQLi\Connection->execute('INSERT INTO `st...')
#2 C:\wamp64\www\ci4\system\Database\BaseConnection.php(646): CodeIgniter\Database\BaseConnection->simpleQuery('INSERT INTO `st...')
#3 C:\wamp64\www\ci4\system\Database\BaseBuilder.php(2345): CodeIgniter\Database\BaseConnection->query('INSERT INTO `st...', Array, false)
#4 C:\wamp64\www\ci4\app\Controllers\CenterDashboard.php(266): CodeIgniter\Database\BaseBuilder->insert(Array)
#5 C:\wamp64\www\ci4\system\CodeIgniter.php(933): App\Controllers\CenterDashboard->saveStudent()
#6 C:\wamp64\www\ci4\system\CodeIgniter.php(507): CodeIgniter\CodeIgniter->runController(Object(App\Controllers\CenterDashboard))
#7 C:\wamp64\www\ci4\system\CodeIgniter.php(354): CodeIgniter\CodeIgniter->handleRequest(NULL, Object(Config\Cache), false)
#8 C:\wamp64\www\ci4\system\Boot.php(363): CodeIgniter\CodeIgniter->run()
#9 C:\wamp64\www\ci4\system\Boot.php(68): CodeIgniter\Boot::runCodeIgniter(Object(CodeIgniter\CodeIgniter))
#10 C:\wamp64\www\ci4\public\index.php(59): CodeIgniter\Boot::bootWeb(Object(Config\Paths))
#11 {main}
ERROR - 2026-03-12 11:16:51 --> mysqli_sql_exception: Unknown column 'image' in 'field list' in C:\wamp64\www\ci4\system\Database\MySQLi\Connection.php:327
Stack trace:
#0 C:\wamp64\www\ci4\system\Database\MySQLi\Connection.php(327): mysqli->query('INSERT INTO `st...', 0)
#1 C:\wamp64\www\ci4\system\Database\BaseConnection.php(729): CodeIgniter\Database\MySQLi\Connection->execute('INSERT INTO `st...')
#2 C:\wamp64\www\ci4\system\Database\BaseConnection.php(646): CodeIgniter\Database\BaseConnection->simpleQuery('INSERT INTO `st...')
#3 C:\wamp64\www\ci4\system\Database\BaseBuilder.php(2345): CodeIgniter\Database\BaseConnection->query('INSERT INTO `st...', Array, false)
#4 C:\wamp64\www\ci4\app\Controllers\CenterDashboard.php(266): CodeIgniter\Database\BaseBuilder->insert(Array)
#5 C:\wamp64\www\ci4\system\CodeIgniter.php(933): App\Controllers\CenterDashboard->saveStudent()
#6 C:\wamp64\www\ci4\system\CodeIgniter.php(507): CodeIgniter\CodeIgniter->runController(Object(App\Controllers\CenterDashboard))
#7 C:\wamp64\www\ci4\system\CodeIgniter.php(354): CodeIgniter\CodeIgniter->handleRequest(NULL, Object(Config\Cache), false)
#8 C:\wamp64\www\ci4\system\Boot.php(363): CodeIgniter\CodeIgniter->run()
#9 C:\wamp64\www\ci4\system\Boot.php(68): CodeIgniter\Boot::runCodeIgniter(Object(CodeIgniter\CodeIgniter))
#10 C:\wamp64\www\ci4\public\index.php(59): CodeIgniter\Boot::bootWeb(Object(Config\Paths))
#11 {main}
ERROR - 2026-03-12 11:16:53 --> mysqli_sql_exception: Unknown column 'image' in 'field list' in C:\wamp64\www\ci4\system\Database\MySQLi\Connection.php:327
Stack trace:
#0 C:\wamp64\www\ci4\system\Database\MySQLi\Connection.php(327): mysqli->query('INSERT INTO `st...', 0)
#1 C:\wamp64\www\ci4\system\Database\BaseConnection.php(729): CodeIgniter\Database\MySQLi\Connection->execute('INSERT INTO `st...')
#2 C:\wamp64\www\ci4\system\Database\BaseConnection.php(646): CodeIgniter\Database\BaseConnection->simpleQuery('INSERT INTO `st...')
#3 C:\wamp64\www\ci4\system\Database\BaseBuilder.php(2345): CodeIgniter\Database\BaseConnection->query('INSERT INTO `st...', Array, false)
#4 C:\wamp64\www\ci4\app\Controllers\CenterDashboard.php(266): CodeIgniter\Database\BaseBuilder->insert(Array)
#5 C:\wamp64\www\ci4\system\CodeIgniter.php(933): App\Controllers\CenterDashboard->saveStudent()
#6 C:\wamp64\www\ci4\system\CodeIgniter.php(507): CodeIgniter\CodeIgniter->runController(Object(App\Controllers\CenterDashboard))
#7 C:\wamp64\www\ci4\system\CodeIgniter.php(354): CodeIgniter\CodeIgniter->handleRequest(NULL, Object(Config\Cache), false)
#8 C:\wamp64\www\ci4\system\Boot.php(363): CodeIgniter\CodeIgniter->run()
#9 C:\wamp64\www\ci4\system\Boot.php(68): CodeIgniter\Boot::runCodeIgniter(Object(CodeIgniter\CodeIgniter))
#10 C:\wamp64\www\ci4\public\index.php(59): CodeIgniter\Boot::bootWeb(Object(Config\Paths))
#11 {main}
ERROR - 2026-03-12 11:16:55 --> mysqli_sql_exception: Unknown column 'image' in 'field list' in C:\wamp64\www\ci4\system\Database\MySQLi\Connection.php:327
Stack trace:
#0 C:\wamp64\www\ci4\system\Database\MySQLi\Connection.php(327): mysqli->query('INSERT INTO `st...', 0)
#1 C:\wamp64\www\ci4\system\Database\BaseConnection.php(729): CodeIgniter\Database\MySQLi\Connection->execute('INSERT INTO `st...')
#2 C:\wamp64\www\ci4\system\Database\BaseConnection.php(646): CodeIgniter\Database\BaseConnection->simpleQuery('INSERT INTO `st...')
#3 C:\wamp64\www\ci4\system\Database\BaseBuilder.php(2345): CodeIgniter\Database\BaseConnection->query('INSERT INTO `st...', Array, false)
#4 C:\wamp64\www\ci4\app\Controllers\CenterDashboard.php(266): CodeIgniter\Database\BaseBuilder->insert(Array)
#5 C:\wamp64\www\ci4\system\CodeIgniter.php(933): App\Controllers\CenterDashboard->saveStudent()
#6 C:\wamp64\www\ci4\system\CodeIgniter.php(507): CodeIgniter\CodeIgniter->runController(Object(App\Controllers\CenterDashboard))
#7 C:\wamp64\www\ci4\system\CodeIgniter.php(354): CodeIgniter\CodeIgniter->handleRequest(NULL, Object(Config\Cache), false)
#8 C:\wamp64\www\ci4\system\Boot.php(363): CodeIgniter\CodeIgniter->run()
#9 C:\wamp64\www\ci4\system\Boot.php(68): CodeIgniter\Boot::runCodeIgniter(Object(CodeIgniter\CodeIgniter))
#10 C:\wamp64\www\ci4\public\index.php(59): CodeIgniter\Boot::bootWeb(Object(Config\Paths))
#11 {main}
ERROR - 2026-03-12 11:16:57 --> mysqli_sql_exception: Unknown column 'image' in 'field list' in C:\wamp64\www\ci4\system\Database\MySQLi\Connection.php:327
Stack trace:
#0 C:\wamp64\www\ci4\system\Database\MySQLi\Connection.php(327): mysqli->query('INSERT INTO `st...', 0)
#1 C:\wamp64\www\ci4\system\Database\BaseConnection.php(729): CodeIgniter\Database\MySQLi\Connection->execute('INSERT INTO `st...')
#2 C:\wamp64\www\ci4\system\Database\BaseConnection.php(646): CodeIgniter\Database\BaseConnection->simpleQuery('INSERT INTO `st...')
#3 C:\wamp64\www\ci4\system\Database\BaseBuilder.php(2345): CodeIgniter\Database\BaseConnection->query('INSERT INTO `st...', Array, false)
#4 C:\wamp64\www\ci4\app\Controllers\CenterDashboard.php(266): CodeIgniter\Database\BaseBuilder->insert(Array)
#5 C:\wamp64\www\ci4\system\CodeIgniter.php(933): App\Controllers\CenterDashboard->saveStudent()
#6 C:\wamp64\www\ci4\system\CodeIgniter.php(507): CodeIgniter\CodeIgniter->runController(Object(App\Controllers\CenterDashboard))
#7 C:\wamp64\www\ci4\system\CodeIgniter.php(354): CodeIgniter\CodeIgniter->handleRequest(NULL, Object(Config\Cache), false)
#8 C:\wamp64\www\ci4\system\Boot.php(363): CodeIgniter\CodeIgniter->run()
#9 C:\wamp64\www\ci4\system\Boot.php(68): CodeIgniter\Boot::runCodeIgniter(Object(CodeIgniter\CodeIgniter))
#10 C:\wamp64\www\ci4\public\index.php(59): CodeIgniter\Boot::bootWeb(Object(Config\Paths))
#11 {main}
ERROR - 2026-03-12 11:17:05 --> mysqli_sql_exception: Unknown column 'image' in 'field list' in C:\wamp64\www\ci4\system\Database\MySQLi\Connection.php:327
Stack trace:
#0 C:\wamp64\www\ci4\system\Database\MySQLi\Connection.php(327): mysqli->query('INSERT INTO `st...', 0)
#1 C:\wamp64\www\ci4\system\Database\BaseConnection.php(729): CodeIgniter\Database\MySQLi\Connection->execute('INSERT INTO `st...')
#2 C:\wamp64\www\ci4\system\Database\BaseConnection.php(646): CodeIgniter\Database\BaseConnection->simpleQuery('INSERT INTO `st...')
#3 C:\wamp64\www\ci4\system\Database\BaseBuilder.php(2345): CodeIgniter\Database\BaseConnection->query('INSERT INTO `st...', Array, false)
#4 C:\wamp64\www\ci4\app\Controllers\CenterDashboard.php(266): CodeIgniter\Database\BaseBuilder->insert(Array)
#5 C:\wamp64\www\ci4\system\CodeIgniter.php(933): App\Controllers\CenterDashboard->saveStudent()
#6 C:\wamp64\www\ci4\system\CodeIgniter.php(507): CodeIgniter\CodeIgniter->runController(Object(App\Controllers\CenterDashboard))
#7 C:\wamp64\www\ci4\system\CodeIgniter.php(354): CodeIgniter\CodeIgniter->handleRequest(NULL, Object(Config\Cache), false)
#8 C:\wamp64\www\ci4\system\Boot.php(363): CodeIgniter\CodeIgniter->run()
#9 C:\wamp64\www\ci4\system\Boot.php(68): CodeIgniter\Boot::runCodeIgniter(Object(CodeIgniter\CodeIgniter))
#10 C:\wamp64\www\ci4\public\index.php(59): CodeIgniter\Boot::bootWeb(Object(Config\Paths))
#11 {main}
ERROR - 2026-03-12 11:17:17 --> mysqli_sql_exception: Unknown column 'image' in 'field list' in C:\wamp64\www\ci4\system\Database\MySQLi\Connection.php:327
Stack trace:
#0 C:\wamp64\www\ci4\system\Database\MySQLi\Connection.php(327): mysqli->query('INSERT INTO `st...', 0)
#1 C:\wamp64\www\ci4\system\Database\BaseConnection.php(729): CodeIgniter\Database\MySQLi\Connection->execute('INSERT INTO `st...')
#2 C:\wamp64\www\ci4\system\Database\BaseConnection.php(646): CodeIgniter\Database\BaseConnection->simpleQuery('INSERT INTO `st...')
#3 C:\wamp64\www\ci4\system\Database\BaseBuilder.php(2345): CodeIgniter\Database\BaseConnection->query('INSERT INTO `st...', Array, false)
#4 C:\wamp64\www\ci4\app\Controllers\CenterDashboard.php(266): CodeIgniter\Database\BaseBuilder->insert(Array)
#5 C:\wamp64\www\ci4\system\CodeIgniter.php(933): App\Controllers\CenterDashboard->saveStudent()
#6 C:\wamp64\www\ci4\system\CodeIgniter.php(507): CodeIgniter\CodeIgniter->runController(Object(App\Controllers\CenterDashboard))
#7 C:\wamp64\www\ci4\system\CodeIgniter.php(354): CodeIgniter\CodeIgniter->handleRequest(NULL, Object(Config\Cache), false)
#8 C:\wamp64\www\ci4\system\Boot.php(363): CodeIgniter\CodeIgniter->run()
#9 C:\wamp64\www\ci4\system\Boot.php(68): CodeIgniter\Boot::runCodeIgniter(Object(CodeIgniter\CodeIgniter))
#10 C:\wamp64\www\ci4\public\index.php(59): CodeIgniter\Boot::bootWeb(Object(Config\Paths))
#11 {main}
ERROR - 2026-03-12 11:18:16 --> mysqli_sql_exception: Unknown column 'image' in 'field list' in C:\wamp64\www\ci4\system\Database\MySQLi\Connection.php:327
Stack trace:
#0 C:\wamp64\www\ci4\system\Database\MySQLi\Connection.php(327): mysqli->query('INSERT INTO `st...', 0)
#1 C:\wamp64\www\ci4\system\Database\BaseConnection.php(729): CodeIgniter\Database\MySQLi\Connection->execute('INSERT INTO `st...')
#2 C:\wamp64\www\ci4\system\Database\BaseConnection.php(646): CodeIgniter\Database\BaseConnection->simpleQuery('INSERT INTO `st...')
#3 C:\wamp64\www\ci4\system\Database\BaseBuilder.php(2345): CodeIgniter\Database\BaseConnection->query('INSERT INTO `st...', Array, false)
#4 C:\wamp64\www\ci4\app\Controllers\CenterDashboard.php(266): CodeIgniter\Database\BaseBuilder->insert(Array)
#5 C:\wamp64\www\ci4\system\CodeIgniter.php(933): App\Controllers\CenterDashboard->saveStudent()
#6 C:\wamp64\www\ci4\system\CodeIgniter.php(507): CodeIgniter\CodeIgniter->runController(Object(App\Controllers\CenterDashboard))
#7 C:\wamp64\www\ci4\system\CodeIgniter.php(354): CodeIgniter\CodeIgniter->handleRequest(NULL, Object(Config\Cache), false)
#8 C:\wamp64\www\ci4\system\Boot.php(363): CodeIgniter\CodeIgniter->run()
#9 C:\wamp64\www\ci4\system\Boot.php(68): CodeIgniter\Boot::runCodeIgniter(Object(CodeIgniter\CodeIgniter))
#10 C:\wamp64\www\ci4\public\index.php(59): CodeIgniter\Boot::bootWeb(Object(Config\Paths))
#11 {main}
ERROR - 2026-03-12 11:28:47 --> mysqli_sql_exception: Unknown column 'image' in 'field list' in C:\wamp64\www\ci4\system\Database\MySQLi\Connection.php:327
Stack trace:
#0 C:\wamp64\www\ci4\system\Database\MySQLi\Connection.php(327): mysqli->query('INSERT INTO `st...', 0)
#1 C:\wamp64\www\ci4\system\Database\BaseConnection.php(729): CodeIgniter\Database\MySQLi\Connection->execute('INSERT INTO `st...')
#2 C:\wamp64\www\ci4\system\Database\BaseConnection.php(646): CodeIgniter\Database\BaseConnection->simpleQuery('INSERT INTO `st...')
#3 C:\wamp64\www\ci4\system\Database\BaseBuilder.php(2345): CodeIgniter\Database\BaseConnection->query('INSERT INTO `st...', Array, false)
#4 C:\wamp64\www\ci4\app\Controllers\CenterDashboard.php(276): CodeIgniter\Database\BaseBuilder->insert(Array)
#5 C:\wamp64\www\ci4\system\CodeIgniter.php(933): App\Controllers\CenterDashboard->saveStudent()
#6 C:\wamp64\www\ci4\system\CodeIgniter.php(507): CodeIgniter\CodeIgniter->runController(Object(App\Controllers\CenterDashboard))
#7 C:\wamp64\www\ci4\system\CodeIgniter.php(354): CodeIgniter\CodeIgniter->handleRequest(NULL, Object(Config\Cache), false)
#8 C:\wamp64\www\ci4\system\Boot.php(363): CodeIgniter\CodeIgniter->run()
#9 C:\wamp64\www\ci4\system\Boot.php(68): CodeIgniter\Boot::runCodeIgniter(Object(CodeIgniter\CodeIgniter))
#10 C:\wamp64\www\ci4\public\index.php(59): CodeIgniter\Boot::bootWeb(Object(Config\Paths))
#11 {main}
ERROR - 2026-03-12 11:28:49 --> mysqli_sql_exception: Unknown column 'image' in 'field list' in C:\wamp64\www\ci4\system\Database\MySQLi\Connection.php:327
Stack trace:
#0 C:\wamp64\www\ci4\system\Database\MySQLi\Connection.php(327): mysqli->query('INSERT INTO `st...', 0)
#1 C:\wamp64\www\ci4\system\Database\BaseConnection.php(729): CodeIgniter\Database\MySQLi\Connection->execute('INSERT INTO `st...')
#2 C:\wamp64\www\ci4\system\Database\BaseConnection.php(646): CodeIgniter\Database\BaseConnection->simpleQuery('INSERT INTO `st...')
#3 C:\wamp64\www\ci4\system\Database\BaseBuilder.php(2345): CodeIgniter\Database\BaseConnection->query('INSERT INTO `st...', Array, false)
#4 C:\wamp64\www\ci4\app\Controllers\CenterDashboard.php(276): CodeIgniter\Database\BaseBuilder->insert(Array)
#5 C:\wamp64\www\ci4\system\CodeIgniter.php(933): App\Controllers\CenterDashboard->saveStudent()
#6 C:\wamp64\www\ci4\system\CodeIgniter.php(507): CodeIgniter\CodeIgniter->runController(Object(App\Controllers\CenterDashboard))
#7 C:\wamp64\www\ci4\system\CodeIgniter.php(354): CodeIgniter\CodeIgniter->handleRequest(NULL, Object(Config\Cache), false)
#8 C:\wamp64\www\ci4\system\Boot.php(363): CodeIgniter\CodeIgniter->run()
#9 C:\wamp64\www\ci4\system\Boot.php(68): CodeIgniter\Boot::runCodeIgniter(Object(CodeIgniter\CodeIgniter))
#10 C:\wamp64\www\ci4\public\index.php(59): CodeIgniter\Boot::bootWeb(Object(Config\Paths))
#11 {main}
ERROR - 2026-03-12 11:38:20 --> mysqli_sql_exception: Unknown column 'image' in 'field list' in C:\wamp64\www\ci4\system\Database\MySQLi\Connection.php:327
Stack trace:
#0 C:\wamp64\www\ci4\system\Database\MySQLi\Connection.php(327): mysqli->query('INSERT INTO `st...', 0)
#1 C:\wamp64\www\ci4\system\Database\BaseConnection.php(729): CodeIgniter\Database\MySQLi\Connection->execute('INSERT INTO `st...')
#2 C:\wamp64\www\ci4\system\Database\BaseConnection.php(646): CodeIgniter\Database\BaseConnection->simpleQuery('INSERT INTO `st...')
#3 C:\wamp64\www\ci4\system\Database\BaseBuilder.php(2345): CodeIgniter\Database\BaseConnection->query('INSERT INTO `st...', Array, false)
#4 C:\wamp64\www\ci4\app\Controllers\CenterDashboard.php(277): CodeIgniter\Database\BaseBuilder->insert(Array)
#5 C:\wamp64\www\ci4\system\CodeIgniter.php(933): App\Controllers\CenterDashboard->saveStudent()
#6 C:\wamp64\www\ci4\system\CodeIgniter.php(507): CodeIgniter\CodeIgniter->runController(Object(App\Controllers\CenterDashboard))
#7 C:\wamp64\www\ci4\system\CodeIgniter.php(354): CodeIgniter\CodeIgniter->handleRequest(NULL, Object(Config\Cache), false)
#8 C:\wamp64\www\ci4\system\Boot.php(363): CodeIgniter\CodeIgniter->run()
#9 C:\wamp64\www\ci4\system\Boot.php(68): CodeIgniter\Boot::runCodeIgniter(Object(CodeIgniter\CodeIgniter))
#10 C:\wamp64\www\ci4\public\index.php(59): CodeIgniter\Boot::bootWeb(Object(Config\Paths))
#11 {main}
ERROR - 2026-03-12 11:38:30 --> mysqli_sql_exception: Unknown column 'image' in 'field list' in C:\wamp64\www\ci4\system\Database\MySQLi\Connection.php:327
Stack trace:
#0 C:\wamp64\www\ci4\system\Database\MySQLi\Connection.php(327): mysqli->query('INSERT INTO `st...', 0)
#1 C:\wamp64\www\ci4\system\Database\BaseConnection.php(729): CodeIgniter\Database\MySQLi\Connection->execute('INSERT INTO `st...')
#2 C:\wamp64\www\ci4\system\Database\BaseConnection.php(646): CodeIgniter\Database\BaseConnection->simpleQuery('INSERT INTO `st...')
#3 C:\wamp64\www\ci4\system\Database\BaseBuilder.php(2345): CodeIgniter\Database\BaseConnection->query('INSERT INTO `st...', Array, false)
#4 C:\wamp64\www\ci4\app\Controllers\CenterDashboard.php(277): CodeIgniter\Database\BaseBuilder->insert(Array)
#5 C:\wamp64\www\ci4\system\CodeIgniter.php(933): App\Controllers\CenterDashboard->saveStudent()
#6 C:\wamp64\www\ci4\system\CodeIgniter.php(507): CodeIgniter\CodeIgniter->runController(Object(App\Controllers\CenterDashboard))
#7 C:\wamp64\www\ci4\system\CodeIgniter.php(354): CodeIgniter\CodeIgniter->handleRequest(NULL, Object(Config\Cache), false)
#8 C:\wamp64\www\ci4\system\Boot.php(363): CodeIgniter\CodeIgniter->run()
#9 C:\wamp64\www\ci4\system\Boot.php(68): CodeIgniter\Boot::runCodeIgniter(Object(CodeIgniter\CodeIgniter))
#10 C:\wamp64\www\ci4\public\index.php(59): CodeIgniter\Boot::bootWeb(Object(Config\Paths))
#11 {main}
