ERROR - 2026-04-09 11:46:15 --> mysqli_sql_exception: You have an error in your SQL syntax; check the manual that corresponds to your MySQL server version for the right syntax to use near 'ASC, '%m-%d') ASC' at line 6 in C:\wamp64\www\ci4\system\Database\MySQLi\Connection.php:327
Stack trace:
#0 C:\wamp64\www\ci4\system\Database\MySQLi\Connection.php(327): mysqli->query('SELECT `student...', 0)
#1 C:\wamp64\www\ci4\system\Database\BaseConnection.php(729): CodeIgniter\Database\MySQLi\Connection->execute('SELECT `student...')
#2 C:\wamp64\www\ci4\system\Database\BaseConnection.php(646): CodeIgniter\Database\BaseConnection->simpleQuery('SELECT `student...')
#3 C:\wamp64\www\ci4\system\Database\BaseBuilder.php(1649): CodeIgniter\Database\BaseConnection->query('SELECT `student...', Array, false)
#4 C:\wamp64\www\ci4\system\Model.php(286): CodeIgniter\Database\BaseBuilder->get()
#5 C:\wamp64\www\ci4\system\BaseModel.php(677): CodeIgniter\Model->doFindAll(0, 0)
#6 C:\wamp64\www\ci4\app\Controllers\SuperAdmin.php(137): CodeIgniter\BaseModel->findAll()
#7 C:\wamp64\www\ci4\system\CodeIgniter.php(933): App\Controllers\SuperAdmin->upcoming_events()
#8 C:\wamp64\www\ci4\system\CodeIgniter.php(507): CodeIgniter\CodeIgniter->runController(Object(App\Controllers\SuperAdmin))
#9 C:\wamp64\www\ci4\system\CodeIgniter.php(354): CodeIgniter\CodeIgniter->handleRequest(NULL, Object(Config\Cache), false)
#10 C:\wamp64\www\ci4\system\Boot.php(363): CodeIgniter\CodeIgniter->run()
#11 C:\wamp64\www\ci4\system\Boot.php(68): CodeIgniter\Boot::runCodeIgniter(Object(CodeIgniter\CodeIgniter))
#12 C:\wamp64\www\ci4\public\index.php(59): CodeIgniter\Boot::bootWeb(Object(Config\Paths))
#13 {main}
CRITICAL - 2026-04-09 11:46:15 --> CodeIgniter\Database\Exceptions\DatabaseException: You have an error in your SQL syntax; check the manual that corresponds to your MySQL server version for the right syntax to use near 'ASC, '%m-%d') ASC' at line 6
[Method: GET, Route: superadmin/upcoming-events]
in SYSTEMPATH\Database\BaseConnection.php on line 684.
 1 SYSTEMPATH\Database\BaseBuilder.php(1649): CodeIgniter\Database\BaseConnection->query('SELECT `students`.`student_name`, `centers`.`center_name`, `students`.`dob`, `students`.`phone`
FROM `students`
LEFT JOIN `centers` ON `centers`.`id` = `students`.`center_id`
WHERE DATE_FORMAT(students.dob, \'%m-%d\') >= :DATE_FORMAT(students.dob, \'%m-%d\'):
AND DATE_FORMAT(students.dob, \'%m-%d\') <= :DATE_FORMAT(students.dob, \'%m-%d\').1:
ORDER BY DATE_FORMAT(students.dob ASC, \'%m-%d\') ASC', [...], false)
 2 SYSTEMPATH\Model.php(286): CodeIgniter\Database\BaseBuilder->get()
 3 SYSTEMPATH\BaseModel.php(677): CodeIgniter\Model->doFindAll(0, 0)
 4 APPPATH\Controllers\SuperAdmin.php(137): CodeIgniter\BaseModel->findAll()
 5 SYSTEMPATH\CodeIgniter.php(933): App\Controllers\SuperAdmin->upcoming_events()
 6 SYSTEMPATH\CodeIgniter.php(507): CodeIgniter\CodeIgniter->runController(Object(App\Controllers\SuperAdmin))
 7 SYSTEMPATH\CodeIgniter.php(354): CodeIgniter\CodeIgniter->handleRequest(null, Object(Config\Cache), false)
 8 SYSTEMPATH\Boot.php(363): CodeIgniter\CodeIgniter->run()
 9 SYSTEMPATH\Boot.php(68): CodeIgniter\Boot::runCodeIgniter(Object(CodeIgniter\CodeIgniter))
10 FCPATH\index.php(59): CodeIgniter\Boot::bootWeb(Object(Config\Paths))
CRITICAL - 2026-04-09 11:46:15 --> [Caused by] CodeIgniter\Database\Exceptions\DatabaseException: You have an error in your SQL syntax; check the manual that corresponds to your MySQL server version for the right syntax to use near 'ASC, '%m-%d') ASC' at line 6
in SYSTEMPATH\Database\MySQLi\Connection.php on line 332.
 1 SYSTEMPATH\Database\BaseConnection.php(729): CodeIgniter\Database\MySQLi\Connection->execute('SELECT `students`.`student_name`, `centers`.`center_name`, `students`.`dob`, `students`.`phone`
FROM `students`
LEFT JOIN `centers` ON `centers`.`id` = `students`.`center_id`
WHERE DATE_FORMAT(students.dob, \'%m-%d\') >= \'04-09\'
AND DATE_FORMAT(students.dob, \'%m-%d\') <= \'04-16\'
ORDER BY DATE_FORMAT(students.dob ASC, \'%m-%d\') ASC')
 2 SYSTEMPATH\Database\BaseConnection.php(646): CodeIgniter\Database\BaseConnection->simpleQuery('SELECT `students`.`student_name`, `centers`.`center_name`, `students`.`dob`, `students`.`phone`
FROM `students`
LEFT JOIN `centers` ON `centers`.`id` = `students`.`center_id`
WHERE DATE_FORMAT(students.dob, \'%m-%d\') >= \'04-09\'
AND DATE_FORMAT(students.dob, \'%m-%d\') <= \'04-16\'
ORDER BY DATE_FORMAT(students.dob ASC, \'%m-%d\') ASC')
 3 SYSTEMPATH\Database\BaseBuilder.php(1649): CodeIgniter\Database\BaseConnection->query('SELECT `students`.`student_name`, `centers`.`center_name`, `students`.`dob`, `students`.`phone`
FROM `students`
LEFT JOIN `centers` ON `centers`.`id` = `students`.`center_id`
WHERE DATE_FORMAT(students.dob, \'%m-%d\') >= :DATE_FORMAT(students.dob, \'%m-%d\'):
AND DATE_FORMAT(students.dob, \'%m-%d\') <= :DATE_FORMAT(students.dob, \'%m-%d\').1:
ORDER BY DATE_FORMAT(students.dob ASC, \'%m-%d\') ASC', [...], false)
 4 SYSTEMPATH\Model.php(286): CodeIgniter\Database\BaseBuilder->get()
 5 SYSTEMPATH\BaseModel.php(677): CodeIgniter\Model->doFindAll(0, 0)
 6 APPPATH\Controllers\SuperAdmin.php(137): CodeIgniter\BaseModel->findAll()
 7 SYSTEMPATH\CodeIgniter.php(933): App\Controllers\SuperAdmin->upcoming_events()
 8 SYSTEMPATH\CodeIgniter.php(507): CodeIgniter\CodeIgniter->runController(Object(App\Controllers\SuperAdmin))
 9 SYSTEMPATH\CodeIgniter.php(354): CodeIgniter\CodeIgniter->handleRequest(null, Object(Config\Cache), false)
10 SYSTEMPATH\Boot.php(363): CodeIgniter\CodeIgniter->run()
11 SYSTEMPATH\Boot.php(68): CodeIgniter\Boot::runCodeIgniter(Object(CodeIgniter\CodeIgniter))
12 FCPATH\index.php(59): CodeIgniter\Boot::bootWeb(Object(Config\Paths))
CRITICAL - 2026-04-09 11:46:15 --> [Caused by] mysqli_sql_exception: You have an error in your SQL syntax; check the manual that corresponds to your MySQL server version for the right syntax to use near 'ASC, '%m-%d') ASC' at line 6
in SYSTEMPATH\Database\MySQLi\Connection.php on line 327.
 1 SYSTEMPATH\Database\MySQLi\Connection.php(327): mysqli->query('SELECT `students`.`student_name`, `centers`.`center_name`, `students`.`dob`, `students`.`phone`
FROM `students`
LEFT JOIN `centers` ON `centers`.`id` = `students`.`center_id`
WHERE DATE_FORMAT(students.dob, \'%m-%d\') >= \'04-09\'
AND DATE_FORMAT(students.dob, \'%m-%d\') <= \'04-16\'
ORDER BY DATE_FORMAT(students.dob ASC, \'%m-%d\') ASC', 0)
 2 SYSTEMPATH\Database\BaseConnection.php(729): CodeIgniter\Database\MySQLi\Connection->execute('SELECT `students`.`student_name`, `centers`.`center_name`, `students`.`dob`, `students`.`phone`
FROM `students`
LEFT JOIN `centers` ON `centers`.`id` = `students`.`center_id`
WHERE DATE_FORMAT(students.dob, \'%m-%d\') >= \'04-09\'
AND DATE_FORMAT(students.dob, \'%m-%d\') <= \'04-16\'
ORDER BY DATE_FORMAT(students.dob ASC, \'%m-%d\') ASC')
 3 SYSTEMPATH\Database\BaseConnection.php(646): CodeIgniter\Database\BaseConnection->simpleQuery('SELECT `students`.`student_name`, `centers`.`center_name`, `students`.`dob`, `students`.`phone`
FROM `students`
LEFT JOIN `centers` ON `centers`.`id` = `students`.`center_id`
WHERE DATE_FORMAT(students.dob, \'%m-%d\') >= \'04-09\'
AND DATE_FORMAT(students.dob, \'%m-%d\') <= \'04-16\'
ORDER BY DATE_FORMAT(students.dob ASC, \'%m-%d\') ASC')
 4 SYSTEMPATH\Database\BaseBuilder.php(1649): CodeIgniter\Database\BaseConnection->query('SELECT `students`.`student_name`, `centers`.`center_name`, `students`.`dob`, `students`.`phone`
FROM `students`
LEFT JOIN `centers` ON `centers`.`id` = `students`.`center_id`
WHERE DATE_FORMAT(students.dob, \'%m-%d\') >= :DATE_FORMAT(students.dob, \'%m-%d\'):
AND DATE_FORMAT(students.dob, \'%m-%d\') <= :DATE_FORMAT(students.dob, \'%m-%d\').1:
ORDER BY DATE_FORMAT(students.dob ASC, \'%m-%d\') ASC', [...], false)
 5 SYSTEMPATH\Model.php(286): CodeIgniter\Database\BaseBuilder->get()
 6 SYSTEMPATH\BaseModel.php(677): CodeIgniter\Model->doFindAll(0, 0)
 7 APPPATH\Controllers\SuperAdmin.php(137): CodeIgniter\BaseModel->findAll()
 8 SYSTEMPATH\CodeIgniter.php(933): App\Controllers\SuperAdmin->upcoming_events()
 9 SYSTEMPATH\CodeIgniter.php(507): CodeIgniter\CodeIgniter->runController(Object(App\Controllers\SuperAdmin))
10 SYSTEMPATH\CodeIgniter.php(354): CodeIgniter\CodeIgniter->handleRequest(null, Object(Config\Cache), false)
11 SYSTEMPATH\Boot.php(363): CodeIgniter\CodeIgniter->run()
12 SYSTEMPATH\Boot.php(68): CodeIgniter\Boot::runCodeIgniter(Object(CodeIgniter\CodeIgniter))
13 FCPATH\index.php(59): CodeIgniter\Boot::bootWeb(Object(Config\Paths))
