ERROR - 2026-04-08 10:55:09 --> mysqli_sql_exception: Unknown column 'course_id' in 'field list' in C:\wamp64\www\ci4\system\Database\MySQLi\Connection.php:327
Stack trace:
#0 C:\wamp64\www\ci4\system\Database\MySQLi\Connection.php(327): mysqli->query('UPDATE `student...', 0)
#1 C:\wamp64\www\ci4\system\Database\BaseConnection.php(729): CodeIgniter\Database\MySQLi\Connection->execute('UPDATE `student...')
#2 C:\wamp64\www\ci4\system\Database\BaseConnection.php(646): CodeIgniter\Database\BaseConnection->simpleQuery('UPDATE `student...')
#3 C:\wamp64\www\ci4\system\Database\BaseBuilder.php(2521): CodeIgniter\Database\BaseConnection->query('UPDATE `student...', Array, false)
#4 C:\wamp64\www\ci4\app\Controllers\SuperAdmin.php(761): CodeIgniter\Database\BaseBuilder->update(Array)
#5 C:\wamp64\www\ci4\system\CodeIgniter.php(933): App\Controllers\SuperAdmin->updateStudentMaster()
#6 C:\wamp64\www\ci4\system\CodeIgniter.php(507): CodeIgniter\CodeIgniter->runController(Object(App\Controllers\SuperAdmin))
#7 C:\wamp64\www\ci4\system\CodeIgniter.php(354): CodeIgniter\CodeIgniter->handleRequest(NULL, Object(Config\Cache), false)
#8 C:\wamp64\www\ci4\system\Boot.php(363): CodeIgniter\CodeIgniter->run()
#9 C:\wamp64\www\ci4\system\Boot.php(68): CodeIgniter\Boot::runCodeIgniter(Object(CodeIgniter\CodeIgniter))
#10 C:\wamp64\www\ci4\public\index.php(59): CodeIgniter\Boot::bootWeb(Object(Config\Paths))
#11 {main}
CRITICAL - 2026-04-08 10:55:09 --> CodeIgniter\Database\Exceptions\DatabaseException: Unknown column 'course_id' in 'field list'
[Method: POST, Route: superadmin/update-student-master]
in SYSTEMPATH\Database\BaseConnection.php on line 684.
 1 SYSTEMPATH\Database\BaseBuilder.php(2521): CodeIgniter\Database\BaseConnection->query('UPDATE `students` SET `student_name` = :student_name:, `father_name` = :father_name:, `relation_type` = :relation_type:, `dob` = :dob:, `phone` = :phone:, `guardian_phone` = :guardian_phone:, `email` = :email:, `address` = :address:, `course_id` = :course_id:, `enroll_date` = :enroll_date:, `certificate_status` = :certificate_status:, `other_letter_doc` = :other_letter_doc:
WHERE `id` = :id:', [...], false)
 2 APPPATH\Controllers\SuperAdmin.php(761): CodeIgniter\Database\BaseBuilder->update([...])
 3 SYSTEMPATH\CodeIgniter.php(933): App\Controllers\SuperAdmin->updateStudentMaster()
 4 SYSTEMPATH\CodeIgniter.php(507): CodeIgniter\CodeIgniter->runController(Object(App\Controllers\SuperAdmin))
 5 SYSTEMPATH\CodeIgniter.php(354): CodeIgniter\CodeIgniter->handleRequest(null, Object(Config\Cache), false)
 6 SYSTEMPATH\Boot.php(363): CodeIgniter\CodeIgniter->run()
 7 SYSTEMPATH\Boot.php(68): CodeIgniter\Boot::runCodeIgniter(Object(CodeIgniter\CodeIgniter))
 8 FCPATH\index.php(59): CodeIgniter\Boot::bootWeb(Object(Config\Paths))
CRITICAL - 2026-04-08 10:55:09 --> [Caused by] CodeIgniter\Database\Exceptions\DatabaseException: Unknown column 'course_id' in 'field list'
in SYSTEMPATH\Database\MySQLi\Connection.php on line 332.
 1 SYSTEMPATH\Database\BaseConnection.php(729): CodeIgniter\Database\MySQLi\Connection->execute('UPDATE `students` SET `student_name` = \'jatin\', `father_name` = \'kala\', `relation_type` = \'Father\', `dob` = \'2026-03-13\', `phone` = \'07876728830\', `guardian_phone` = \'07876728830\', `email` = \'bhattinikhil530@gmail.com\', `address` = \'Rampurjangi\', `course_id` = \'15\', `enroll_date` = \'2026-04-08\', `certificate_status` = \'Pending\', `other_letter_doc` = \'1775645709_14095e5b7f7494ddcc54.html\'
WHERE `id` = \'37\'')
 2 SYSTEMPATH\Database\BaseConnection.php(646): CodeIgniter\Database\BaseConnection->simpleQuery('UPDATE `students` SET `student_name` = \'jatin\', `father_name` = \'kala\', `relation_type` = \'Father\', `dob` = \'2026-03-13\', `phone` = \'07876728830\', `guardian_phone` = \'07876728830\', `email` = \'bhattinikhil530@gmail.com\', `address` = \'Rampurjangi\', `course_id` = \'15\', `enroll_date` = \'2026-04-08\', `certificate_status` = \'Pending\', `other_letter_doc` = \'1775645709_14095e5b7f7494ddcc54.html\'
WHERE `id` = \'37\'')
 3 SYSTEMPATH\Database\BaseBuilder.php(2521): CodeIgniter\Database\BaseConnection->query('UPDATE `students` SET `student_name` = :student_name:, `father_name` = :father_name:, `relation_type` = :relation_type:, `dob` = :dob:, `phone` = :phone:, `guardian_phone` = :guardian_phone:, `email` = :email:, `address` = :address:, `course_id` = :course_id:, `enroll_date` = :enroll_date:, `certificate_status` = :certificate_status:, `other_letter_doc` = :other_letter_doc:
WHERE `id` = :id:', [...], false)
 4 APPPATH\Controllers\SuperAdmin.php(761): CodeIgniter\Database\BaseBuilder->update([...])
 5 SYSTEMPATH\CodeIgniter.php(933): App\Controllers\SuperAdmin->updateStudentMaster()
 6 SYSTEMPATH\CodeIgniter.php(507): CodeIgniter\CodeIgniter->runController(Object(App\Controllers\SuperAdmin))
 7 SYSTEMPATH\CodeIgniter.php(354): CodeIgniter\CodeIgniter->handleRequest(null, Object(Config\Cache), false)
 8 SYSTEMPATH\Boot.php(363): CodeIgniter\CodeIgniter->run()
 9 SYSTEMPATH\Boot.php(68): CodeIgniter\Boot::runCodeIgniter(Object(CodeIgniter\CodeIgniter))
10 FCPATH\index.php(59): CodeIgniter\Boot::bootWeb(Object(Config\Paths))
CRITICAL - 2026-04-08 10:55:09 --> [Caused by] mysqli_sql_exception: Unknown column 'course_id' in 'field list'
in SYSTEMPATH\Database\MySQLi\Connection.php on line 327.
 1 SYSTEMPATH\Database\MySQLi\Connection.php(327): mysqli->query('UPDATE `students` SET `student_name` = \'jatin\', `father_name` = \'kala\', `relation_type` = \'Father\', `dob` = \'2026-03-13\', `phone` = \'07876728830\', `guardian_phone` = \'07876728830\', `email` = \'bhattinikhil530@gmail.com\', `address` = \'Rampurjangi\', `course_id` = \'15\', `enroll_date` = \'2026-04-08\', `certificate_status` = \'Pending\', `other_letter_doc` = \'1775645709_14095e5b7f7494ddcc54.html\'
WHERE `id` = \'37\'', 0)
 2 SYSTEMPATH\Database\BaseConnection.php(729): CodeIgniter\Database\MySQLi\Connection->execute('UPDATE `students` SET `student_name` = \'jatin\', `father_name` = \'kala\', `relation_type` = \'Father\', `dob` = \'2026-03-13\', `phone` = \'07876728830\', `guardian_phone` = \'07876728830\', `email` = \'bhattinikhil530@gmail.com\', `address` = \'Rampurjangi\', `course_id` = \'15\', `enroll_date` = \'2026-04-08\', `certificate_status` = \'Pending\', `other_letter_doc` = \'1775645709_14095e5b7f7494ddcc54.html\'
WHERE `id` = \'37\'')
 3 SYSTEMPATH\Database\BaseConnection.php(646): CodeIgniter\Database\BaseConnection->simpleQuery('UPDATE `students` SET `student_name` = \'jatin\', `father_name` = \'kala\', `relation_type` = \'Father\', `dob` = \'2026-03-13\', `phone` = \'07876728830\', `guardian_phone` = \'07876728830\', `email` = \'bhattinikhil530@gmail.com\', `address` = \'Rampurjangi\', `course_id` = \'15\', `enroll_date` = \'2026-04-08\', `certificate_status` = \'Pending\', `other_letter_doc` = \'1775645709_14095e5b7f7494ddcc54.html\'
WHERE `id` = \'37\'')
 4 SYSTEMPATH\Database\BaseBuilder.php(2521): CodeIgniter\Database\BaseConnection->query('UPDATE `students` SET `student_name` = :student_name:, `father_name` = :father_name:, `relation_type` = :relation_type:, `dob` = :dob:, `phone` = :phone:, `guardian_phone` = :guardian_phone:, `email` = :email:, `address` = :address:, `course_id` = :course_id:, `enroll_date` = :enroll_date:, `certificate_status` = :certificate_status:, `other_letter_doc` = :other_letter_doc:
WHERE `id` = :id:', [...], false)
 5 APPPATH\Controllers\SuperAdmin.php(761): CodeIgniter\Database\BaseBuilder->update([...])
 6 SYSTEMPATH\CodeIgniter.php(933): App\Controllers\SuperAdmin->updateStudentMaster()
 7 SYSTEMPATH\CodeIgniter.php(507): CodeIgniter\CodeIgniter->runController(Object(App\Controllers\SuperAdmin))
 8 SYSTEMPATH\CodeIgniter.php(354): CodeIgniter\CodeIgniter->handleRequest(null, Object(Config\Cache), false)
 9 SYSTEMPATH\Boot.php(363): CodeIgniter\CodeIgniter->run()
10 SYSTEMPATH\Boot.php(68): CodeIgniter\Boot::runCodeIgniter(Object(CodeIgniter\CodeIgniter))
11 FCPATH\index.php(59): CodeIgniter\Boot::bootWeb(Object(Config\Paths))
CRITICAL - 2026-04-08 12:53:14 --> ErrorException: Undefined array key "course_duration"
[Method: POST, Route: superadmin/update-student-master]
in APPPATH\Controllers\SuperAdmin.php on line 728.
 1 APPPATH\Controllers\SuperAdmin.php(728): CodeIgniter\Debug\Exceptions->errorHandler(2, 'Undefined array key "course_duration"', 'C:\\wamp64\\www\\ci4\\app\\Controllers\\SuperAdmin.php', 728)
 2 SYSTEMPATH\CodeIgniter.php(933): App\Controllers\SuperAdmin->update_student_master()
 3 SYSTEMPATH\CodeIgniter.php(507): CodeIgniter\CodeIgniter->runController(Object(App\Controllers\SuperAdmin))
 4 SYSTEMPATH\CodeIgniter.php(354): CodeIgniter\CodeIgniter->handleRequest(null, Object(Config\Cache), false)
 5 SYSTEMPATH\Boot.php(363): CodeIgniter\CodeIgniter->run()
 6 SYSTEMPATH\Boot.php(68): CodeIgniter\Boot::runCodeIgniter(Object(CodeIgniter\CodeIgniter))
 7 FCPATH\index.php(59): CodeIgniter\Boot::bootWeb(Object(Config\Paths))
