CRITICAL - 2026-01-04 07:58:12 --> Error: Class "Model" not found
[Method: POST, Route: superadmin/add-center]
in APPPATH\Models\CenterModel.php on line 2.
 1 SYSTEMPATH\Autoloader\Autoloader.php(315): include_once()
 2 SYSTEMPATH\Autoloader\Autoloader.php(295): CodeIgniter\Autoloader\Autoloader->includeFile('C:\\wamp64\\www\\ci4\\app\\Models\\CenterModel.php')
 3 SYSTEMPATH\Autoloader\Autoloader.php(271): CodeIgniter\Autoloader\Autoloader->loadInNamespace('App\\Models\\CenterModel')
 4 APPPATH\Controllers\SuperAdmin.php(77): CodeIgniter\Autoloader\Autoloader->loadClass('App\\Models\\CenterModel')
 5 SYSTEMPATH\CodeIgniter.php(933): App\Controllers\SuperAdmin->addCenter()
 6 SYSTEMPATH\CodeIgniter.php(507): CodeIgniter\CodeIgniter->runController(Object(App\Controllers\SuperAdmin))
 7 SYSTEMPATH\CodeIgniter.php(354): CodeIgniter\CodeIgniter->handleRequest(null, Object(Config\Cache), false)
 8 SYSTEMPATH\Boot.php(363): CodeIgniter\CodeIgniter->run()
 9 SYSTEMPATH\Boot.php(68): CodeIgniter\Boot::runCodeIgniter(Object(CodeIgniter\CodeIgniter))
10 FCPATH\index.php(59): CodeIgniter\Boot::bootWeb(Object(Config\Paths))
CRITICAL - 2026-01-04 08:34:43 --> ErrorException: Undefined variable $totalEnrollments
[Method: GET, Route: superadmin/dashboard]
in APPPATH\Views\superadmin\dashboard.php on line 50.
 1 APPPATH\Views\superadmin\dashboard.php(50): CodeIgniter\Debug\Exceptions->errorHandler(2, 'Undefined variable $totalEnrollments', 'C:\\wamp64\\www\\ci4\\app\\Views\\superadmin\\dashboard.php', 50)
 2 SYSTEMPATH\View\View.php(226): include('C:\\wamp64\\www\\ci4\\app\\Views\\superadmin\\dashboard.php')
 3 SYSTEMPATH\View\View.php(229): CodeIgniter\View\View->CodeIgniter\View\{closure}()
 4 SYSTEMPATH\Common.php(1167): CodeIgniter\View\View->render('superadmin/dashboard', [], true)
 5 APPPATH\Controllers\SuperAdmin.php(39): view('superadmin/dashboard', [...])
 6 SYSTEMPATH\CodeIgniter.php(933): App\Controllers\SuperAdmin->dashboard()
 7 SYSTEMPATH\CodeIgniter.php(507): CodeIgniter\CodeIgniter->runController(Object(App\Controllers\SuperAdmin))
 8 SYSTEMPATH\CodeIgniter.php(354): CodeIgniter\CodeIgniter->handleRequest(null, Object(Config\Cache), false)
 9 SYSTEMPATH\Boot.php(363): CodeIgniter\CodeIgniter->run()
10 SYSTEMPATH\Boot.php(68): CodeIgniter\Boot::runCodeIgniter(Object(CodeIgniter\CodeIgniter))
11 FCPATH\index.php(59): CodeIgniter\Boot::bootWeb(Object(Config\Paths))
CRITICAL - 2026-01-04 08:34:46 --> ErrorException: Undefined variable $totalEnrollments
[Method: GET, Route: superadmin/dashboard]
in APPPATH\Views\superadmin\dashboard.php on line 50.
 1 APPPATH\Views\superadmin\dashboard.php(50): CodeIgniter\Debug\Exceptions->errorHandler(2, 'Undefined variable $totalEnrollments', 'C:\\wamp64\\www\\ci4\\app\\Views\\superadmin\\dashboard.php', 50)
 2 SYSTEMPATH\View\View.php(226): include('C:\\wamp64\\www\\ci4\\app\\Views\\superadmin\\dashboard.php')
 3 SYSTEMPATH\View\View.php(229): CodeIgniter\View\View->CodeIgniter\View\{closure}()
 4 SYSTEMPATH\Common.php(1167): CodeIgniter\View\View->render('superadmin/dashboard', [], true)
 5 APPPATH\Controllers\SuperAdmin.php(39): view('superadmin/dashboard', [...])
 6 SYSTEMPATH\CodeIgniter.php(933): App\Controllers\SuperAdmin->dashboard()
 7 SYSTEMPATH\CodeIgniter.php(507): CodeIgniter\CodeIgniter->runController(Object(App\Controllers\SuperAdmin))
 8 SYSTEMPATH\CodeIgniter.php(354): CodeIgniter\CodeIgniter->handleRequest(null, Object(Config\Cache), false)
 9 SYSTEMPATH\Boot.php(363): CodeIgniter\CodeIgniter->run()
10 SYSTEMPATH\Boot.php(68): CodeIgniter\Boot::runCodeIgniter(Object(CodeIgniter\CodeIgniter))
11 FCPATH\index.php(59): CodeIgniter\Boot::bootWeb(Object(Config\Paths))
ERROR - 2026-01-04 08:42:36 --> mysqli_sql_exception: Unknown column 'students.enroll_date' in 'field list' in C:\wamp64\www\ci4\system\Database\MySQLi\Connection.php:327
Stack trace:
#0 C:\wamp64\www\ci4\system\Database\MySQLi\Connection.php(327): mysqli->query('SELECT `student...', 0)
#1 C:\wamp64\www\ci4\system\Database\BaseConnection.php(729): CodeIgniter\Database\MySQLi\Connection->execute('SELECT `student...')
#2 C:\wamp64\www\ci4\system\Database\BaseConnection.php(646): CodeIgniter\Database\BaseConnection->simpleQuery('SELECT `student...')
#3 C:\wamp64\www\ci4\system\Database\BaseBuilder.php(1649): CodeIgniter\Database\BaseConnection->query('SELECT `student...', Array, false)
#4 C:\wamp64\www\ci4\system\Model.php(286): CodeIgniter\Database\BaseBuilder->get()
#5 C:\wamp64\www\ci4\system\BaseModel.php(677): CodeIgniter\Model->doFindAll(0, 0)
#6 C:\wamp64\www\ci4\app\Controllers\SuperAdmin.php(203): CodeIgniter\BaseModel->findAll()
#7 C:\wamp64\www\ci4\system\CodeIgniter.php(933): App\Controllers\SuperAdmin->getCenterStudents('3')
#8 C:\wamp64\www\ci4\system\CodeIgniter.php(507): CodeIgniter\CodeIgniter->runController(Object(App\Controllers\SuperAdmin))
#9 C:\wamp64\www\ci4\system\CodeIgniter.php(354): CodeIgniter\CodeIgniter->handleRequest(NULL, Object(Config\Cache), false)
#10 C:\wamp64\www\ci4\system\Boot.php(363): CodeIgniter\CodeIgniter->run()
#11 C:\wamp64\www\ci4\system\Boot.php(68): CodeIgniter\Boot::runCodeIgniter(Object(CodeIgniter\CodeIgniter))
#12 C:\wamp64\www\ci4\public\index.php(59): CodeIgniter\Boot::bootWeb(Object(Config\Paths))
#13 {main}
CRITICAL - 2026-01-04 08:42:36 --> CodeIgniter\Database\Exceptions\DatabaseException: Unknown column 'students.enroll_date' in 'field list'
[Method: GET, Route: superadmin/get-center-students/3]
in SYSTEMPATH\Database\BaseConnection.php on line 684.
 1 SYSTEMPATH\Database\BaseBuilder.php(1649): CodeIgniter\Database\BaseConnection->query('SELECT `students`.`id`, `students`.`student_name`, `students`.`email`, `students`.`phone`, `students`.`enroll_date`, `courses`.`course_name`
FROM `students`
LEFT JOIN `courses` ON `students`.`course_id` = `courses`.`id`
WHERE `students`.`center_id` = :students.center_id:
ORDER BY `students`.`id` DESC', [...], false)
 2 SYSTEMPATH\Model.php(286): CodeIgniter\Database\BaseBuilder->get()
 3 SYSTEMPATH\BaseModel.php(677): CodeIgniter\Model->doFindAll(0, 0)
 4 APPPATH\Controllers\SuperAdmin.php(203): CodeIgniter\BaseModel->findAll()
 5 SYSTEMPATH\CodeIgniter.php(933): App\Controllers\SuperAdmin->getCenterStudents('3')
 6 SYSTEMPATH\CodeIgniter.php(507): CodeIgniter\CodeIgniter->runController(Object(App\Controllers\SuperAdmin))
 7 SYSTEMPATH\CodeIgniter.php(354): CodeIgniter\CodeIgniter->handleRequest(null, Object(Config\Cache), false)
 8 SYSTEMPATH\Boot.php(363): CodeIgniter\CodeIgniter->run()
 9 SYSTEMPATH\Boot.php(68): CodeIgniter\Boot::runCodeIgniter(Object(CodeIgniter\CodeIgniter))
10 FCPATH\index.php(59): CodeIgniter\Boot::bootWeb(Object(Config\Paths))
CRITICAL - 2026-01-04 08:42:36 --> [Caused by] CodeIgniter\Database\Exceptions\DatabaseException: Unknown column 'students.enroll_date' in 'field list'
in SYSTEMPATH\Database\MySQLi\Connection.php on line 332.
 1 SYSTEMPATH\Database\BaseConnection.php(729): CodeIgniter\Database\MySQLi\Connection->execute('SELECT `students`.`id`, `students`.`student_name`, `students`.`email`, `students`.`phone`, `students`.`enroll_date`, `courses`.`course_name`
FROM `students`
LEFT JOIN `courses` ON `students`.`course_id` = `courses`.`id`
WHERE `students`.`center_id` = \'3\'
ORDER BY `students`.`id` DESC')
 2 SYSTEMPATH\Database\BaseConnection.php(646): CodeIgniter\Database\BaseConnection->simpleQuery('SELECT `students`.`id`, `students`.`student_name`, `students`.`email`, `students`.`phone`, `students`.`enroll_date`, `courses`.`course_name`
FROM `students`
LEFT JOIN `courses` ON `students`.`course_id` = `courses`.`id`
WHERE `students`.`center_id` = \'3\'
ORDER BY `students`.`id` DESC')
 3 SYSTEMPATH\Database\BaseBuilder.php(1649): CodeIgniter\Database\BaseConnection->query('SELECT `students`.`id`, `students`.`student_name`, `students`.`email`, `students`.`phone`, `students`.`enroll_date`, `courses`.`course_name`
FROM `students`
LEFT JOIN `courses` ON `students`.`course_id` = `courses`.`id`
WHERE `students`.`center_id` = :students.center_id:
ORDER BY `students`.`id` DESC', [...], false)
 4 SYSTEMPATH\Model.php(286): CodeIgniter\Database\BaseBuilder->get()
 5 SYSTEMPATH\BaseModel.php(677): CodeIgniter\Model->doFindAll(0, 0)
 6 APPPATH\Controllers\SuperAdmin.php(203): CodeIgniter\BaseModel->findAll()
 7 SYSTEMPATH\CodeIgniter.php(933): App\Controllers\SuperAdmin->getCenterStudents('3')
 8 SYSTEMPATH\CodeIgniter.php(507): CodeIgniter\CodeIgniter->runController(Object(App\Controllers\SuperAdmin))
 9 SYSTEMPATH\CodeIgniter.php(354): CodeIgniter\CodeIgniter->handleRequest(null, Object(Config\Cache), false)
10 SYSTEMPATH\Boot.php(363): CodeIgniter\CodeIgniter->run()
11 SYSTEMPATH\Boot.php(68): CodeIgniter\Boot::runCodeIgniter(Object(CodeIgniter\CodeIgniter))
12 FCPATH\index.php(59): CodeIgniter\Boot::bootWeb(Object(Config\Paths))
CRITICAL - 2026-01-04 08:42:36 --> [Caused by] mysqli_sql_exception: Unknown column 'students.enroll_date' in 'field list'
in SYSTEMPATH\Database\MySQLi\Connection.php on line 327.
 1 SYSTEMPATH\Database\MySQLi\Connection.php(327): mysqli->query('SELECT `students`.`id`, `students`.`student_name`, `students`.`email`, `students`.`phone`, `students`.`enroll_date`, `courses`.`course_name`
FROM `students`
LEFT JOIN `courses` ON `students`.`course_id` = `courses`.`id`
WHERE `students`.`center_id` = \'3\'
ORDER BY `students`.`id` DESC', 0)
 2 SYSTEMPATH\Database\BaseConnection.php(729): CodeIgniter\Database\MySQLi\Connection->execute('SELECT `students`.`id`, `students`.`student_name`, `students`.`email`, `students`.`phone`, `students`.`enroll_date`, `courses`.`course_name`
FROM `students`
LEFT JOIN `courses` ON `students`.`course_id` = `courses`.`id`
WHERE `students`.`center_id` = \'3\'
ORDER BY `students`.`id` DESC')
 3 SYSTEMPATH\Database\BaseConnection.php(646): CodeIgniter\Database\BaseConnection->simpleQuery('SELECT `students`.`id`, `students`.`student_name`, `students`.`email`, `students`.`phone`, `students`.`enroll_date`, `courses`.`course_name`
FROM `students`
LEFT JOIN `courses` ON `students`.`course_id` = `courses`.`id`
WHERE `students`.`center_id` = \'3\'
ORDER BY `students`.`id` DESC')
 4 SYSTEMPATH\Database\BaseBuilder.php(1649): CodeIgniter\Database\BaseConnection->query('SELECT `students`.`id`, `students`.`student_name`, `students`.`email`, `students`.`phone`, `students`.`enroll_date`, `courses`.`course_name`
FROM `students`
LEFT JOIN `courses` ON `students`.`course_id` = `courses`.`id`
WHERE `students`.`center_id` = :students.center_id:
ORDER BY `students`.`id` DESC', [...], false)
 5 SYSTEMPATH\Model.php(286): CodeIgniter\Database\BaseBuilder->get()
 6 SYSTEMPATH\BaseModel.php(677): CodeIgniter\Model->doFindAll(0, 0)
 7 APPPATH\Controllers\SuperAdmin.php(203): CodeIgniter\BaseModel->findAll()
 8 SYSTEMPATH\CodeIgniter.php(933): App\Controllers\SuperAdmin->getCenterStudents('3')
 9 SYSTEMPATH\CodeIgniter.php(507): CodeIgniter\CodeIgniter->runController(Object(App\Controllers\SuperAdmin))
10 SYSTEMPATH\CodeIgniter.php(354): CodeIgniter\CodeIgniter->handleRequest(null, Object(Config\Cache), false)
11 SYSTEMPATH\Boot.php(363): CodeIgniter\CodeIgniter->run()
12 SYSTEMPATH\Boot.php(68): CodeIgniter\Boot::runCodeIgniter(Object(CodeIgniter\CodeIgniter))
13 FCPATH\index.php(59): CodeIgniter\Boot::bootWeb(Object(Config\Paths))
ERROR - 2026-01-04 08:47:54 --> mysqli_sql_exception: Unknown column 'students.enroll_date' in 'field list' in C:\wamp64\www\ci4\system\Database\MySQLi\Connection.php:327
Stack trace:
#0 C:\wamp64\www\ci4\system\Database\MySQLi\Connection.php(327): mysqli->query('SELECT `student...', 0)
#1 C:\wamp64\www\ci4\system\Database\BaseConnection.php(729): CodeIgniter\Database\MySQLi\Connection->execute('SELECT `student...')
#2 C:\wamp64\www\ci4\system\Database\BaseConnection.php(646): CodeIgniter\Database\BaseConnection->simpleQuery('SELECT `student...')
#3 C:\wamp64\www\ci4\system\Database\BaseBuilder.php(1649): CodeIgniter\Database\BaseConnection->query('SELECT `student...', Array, false)
#4 C:\wamp64\www\ci4\system\Model.php(286): CodeIgniter\Database\BaseBuilder->get()
#5 C:\wamp64\www\ci4\system\BaseModel.php(677): CodeIgniter\Model->doFindAll(0, 0)
#6 C:\wamp64\www\ci4\app\Controllers\SuperAdmin.php(210): CodeIgniter\BaseModel->findAll()
#7 C:\wamp64\www\ci4\system\CodeIgniter.php(933): App\Controllers\SuperAdmin->getCenterStudents('3')
#8 C:\wamp64\www\ci4\system\CodeIgniter.php(507): CodeIgniter\CodeIgniter->runController(Object(App\Controllers\SuperAdmin))
#9 C:\wamp64\www\ci4\system\CodeIgniter.php(354): CodeIgniter\CodeIgniter->handleRequest(NULL, Object(Config\Cache), false)
#10 C:\wamp64\www\ci4\system\Boot.php(363): CodeIgniter\CodeIgniter->run()
#11 C:\wamp64\www\ci4\system\Boot.php(68): CodeIgniter\Boot::runCodeIgniter(Object(CodeIgniter\CodeIgniter))
#12 C:\wamp64\www\ci4\public\index.php(59): CodeIgniter\Boot::bootWeb(Object(Config\Paths))
#13 {main}
CRITICAL - 2026-01-04 08:47:54 --> CodeIgniter\Database\Exceptions\DatabaseException: Unknown column 'students.enroll_date' in 'field list'
[Method: GET, Route: superadmin/get-center-students/3]
in SYSTEMPATH\Database\BaseConnection.php on line 684.
 1 SYSTEMPATH\Database\BaseBuilder.php(1649): CodeIgniter\Database\BaseConnection->query('SELECT `students`.`id`, `students`.`student_name`, `students`.`email`, `students`.`phone`, `students`.`enroll_date`, `courses`.`course_name`
FROM `students`
LEFT JOIN `courses` ON `students`.`course_id` = `courses`.`id`
WHERE `students`.`center_id` = :students.center_id:
ORDER BY `students`.`id` DESC', [...], false)
 2 SYSTEMPATH\Model.php(286): CodeIgniter\Database\BaseBuilder->get()
 3 SYSTEMPATH\BaseModel.php(677): CodeIgniter\Model->doFindAll(0, 0)
 4 APPPATH\Controllers\SuperAdmin.php(210): CodeIgniter\BaseModel->findAll()
 5 SYSTEMPATH\CodeIgniter.php(933): App\Controllers\SuperAdmin->getCenterStudents('3')
 6 SYSTEMPATH\CodeIgniter.php(507): CodeIgniter\CodeIgniter->runController(Object(App\Controllers\SuperAdmin))
 7 SYSTEMPATH\CodeIgniter.php(354): CodeIgniter\CodeIgniter->handleRequest(null, Object(Config\Cache), false)
 8 SYSTEMPATH\Boot.php(363): CodeIgniter\CodeIgniter->run()
 9 SYSTEMPATH\Boot.php(68): CodeIgniter\Boot::runCodeIgniter(Object(CodeIgniter\CodeIgniter))
10 FCPATH\index.php(59): CodeIgniter\Boot::bootWeb(Object(Config\Paths))
CRITICAL - 2026-01-04 08:47:54 --> [Caused by] CodeIgniter\Database\Exceptions\DatabaseException: Unknown column 'students.enroll_date' in 'field list'
in SYSTEMPATH\Database\MySQLi\Connection.php on line 332.
 1 SYSTEMPATH\Database\BaseConnection.php(729): CodeIgniter\Database\MySQLi\Connection->execute('SELECT `students`.`id`, `students`.`student_name`, `students`.`email`, `students`.`phone`, `students`.`enroll_date`, `courses`.`course_name`
FROM `students`
LEFT JOIN `courses` ON `students`.`course_id` = `courses`.`id`
WHERE `students`.`center_id` = \'3\'
ORDER BY `students`.`id` DESC')
 2 SYSTEMPATH\Database\BaseConnection.php(646): CodeIgniter\Database\BaseConnection->simpleQuery('SELECT `students`.`id`, `students`.`student_name`, `students`.`email`, `students`.`phone`, `students`.`enroll_date`, `courses`.`course_name`
FROM `students`
LEFT JOIN `courses` ON `students`.`course_id` = `courses`.`id`
WHERE `students`.`center_id` = \'3\'
ORDER BY `students`.`id` DESC')
 3 SYSTEMPATH\Database\BaseBuilder.php(1649): CodeIgniter\Database\BaseConnection->query('SELECT `students`.`id`, `students`.`student_name`, `students`.`email`, `students`.`phone`, `students`.`enroll_date`, `courses`.`course_name`
FROM `students`
LEFT JOIN `courses` ON `students`.`course_id` = `courses`.`id`
WHERE `students`.`center_id` = :students.center_id:
ORDER BY `students`.`id` DESC', [...], false)
 4 SYSTEMPATH\Model.php(286): CodeIgniter\Database\BaseBuilder->get()
 5 SYSTEMPATH\BaseModel.php(677): CodeIgniter\Model->doFindAll(0, 0)
 6 APPPATH\Controllers\SuperAdmin.php(210): CodeIgniter\BaseModel->findAll()
 7 SYSTEMPATH\CodeIgniter.php(933): App\Controllers\SuperAdmin->getCenterStudents('3')
 8 SYSTEMPATH\CodeIgniter.php(507): CodeIgniter\CodeIgniter->runController(Object(App\Controllers\SuperAdmin))
 9 SYSTEMPATH\CodeIgniter.php(354): CodeIgniter\CodeIgniter->handleRequest(null, Object(Config\Cache), false)
10 SYSTEMPATH\Boot.php(363): CodeIgniter\CodeIgniter->run()
11 SYSTEMPATH\Boot.php(68): CodeIgniter\Boot::runCodeIgniter(Object(CodeIgniter\CodeIgniter))
12 FCPATH\index.php(59): CodeIgniter\Boot::bootWeb(Object(Config\Paths))
CRITICAL - 2026-01-04 08:47:54 --> [Caused by] mysqli_sql_exception: Unknown column 'students.enroll_date' in 'field list'
in SYSTEMPATH\Database\MySQLi\Connection.php on line 327.
 1 SYSTEMPATH\Database\MySQLi\Connection.php(327): mysqli->query('SELECT `students`.`id`, `students`.`student_name`, `students`.`email`, `students`.`phone`, `students`.`enroll_date`, `courses`.`course_name`
FROM `students`
LEFT JOIN `courses` ON `students`.`course_id` = `courses`.`id`
WHERE `students`.`center_id` = \'3\'
ORDER BY `students`.`id` DESC', 0)
 2 SYSTEMPATH\Database\BaseConnection.php(729): CodeIgniter\Database\MySQLi\Connection->execute('SELECT `students`.`id`, `students`.`student_name`, `students`.`email`, `students`.`phone`, `students`.`enroll_date`, `courses`.`course_name`
FROM `students`
LEFT JOIN `courses` ON `students`.`course_id` = `courses`.`id`
WHERE `students`.`center_id` = \'3\'
ORDER BY `students`.`id` DESC')
 3 SYSTEMPATH\Database\BaseConnection.php(646): CodeIgniter\Database\BaseConnection->simpleQuery('SELECT `students`.`id`, `students`.`student_name`, `students`.`email`, `students`.`phone`, `students`.`enroll_date`, `courses`.`course_name`
FROM `students`
LEFT JOIN `courses` ON `students`.`course_id` = `courses`.`id`
WHERE `students`.`center_id` = \'3\'
ORDER BY `students`.`id` DESC')
 4 SYSTEMPATH\Database\BaseBuilder.php(1649): CodeIgniter\Database\BaseConnection->query('SELECT `students`.`id`, `students`.`student_name`, `students`.`email`, `students`.`phone`, `students`.`enroll_date`, `courses`.`course_name`
FROM `students`
LEFT JOIN `courses` ON `students`.`course_id` = `courses`.`id`
WHERE `students`.`center_id` = :students.center_id:
ORDER BY `students`.`id` DESC', [...], false)
 5 SYSTEMPATH\Model.php(286): CodeIgniter\Database\BaseBuilder->get()
 6 SYSTEMPATH\BaseModel.php(677): CodeIgniter\Model->doFindAll(0, 0)
 7 APPPATH\Controllers\SuperAdmin.php(210): CodeIgniter\BaseModel->findAll()
 8 SYSTEMPATH\CodeIgniter.php(933): App\Controllers\SuperAdmin->getCenterStudents('3')
 9 SYSTEMPATH\CodeIgniter.php(507): CodeIgniter\CodeIgniter->runController(Object(App\Controllers\SuperAdmin))
10 SYSTEMPATH\CodeIgniter.php(354): CodeIgniter\CodeIgniter->handleRequest(null, Object(Config\Cache), false)
11 SYSTEMPATH\Boot.php(363): CodeIgniter\CodeIgniter->run()
12 SYSTEMPATH\Boot.php(68): CodeIgniter\Boot::runCodeIgniter(Object(CodeIgniter\CodeIgniter))
13 FCPATH\index.php(59): CodeIgniter\Boot::bootWeb(Object(Config\Paths))
